<?xml version="1.0" encoding="UTF-8"?>
<coverage generated="1707317947332" clover="3.2.0">
  <project timestamp="1707317947332" name="All files">
    <metrics statements="396" coveredstatements="329" conditionals="261" coveredconditionals="179" methods="75" coveredmethods="68" elements="732" coveredelements="576" complexity="0" loc="396" ncloc="396" packages="1" files="5" classes="5"/>
    <file name="diffSchema.js" path="/Users/wictorz/Work/graphql-markdown/src/diffSchema.js">
      <metrics statements="50" coveredstatements="48" conditionals="21" coveredconditionals="19" methods="15" coveredmethods="15"/>
      <line num="2" count="1" type="stmt"/>
      <line num="4" count="1010" type="cond" truecount="1" falsecount="0"/>
      <line num="5" count="148" type="cond" truecount="1" falsecount="1"/>
      <line num="6" count="0" type="stmt"/>
      <line num="8" count="148" type="stmt"/>
      <line num="9" count="1190" type="stmt"/>
      <line num="10" count="1190" type="stmt"/>
      <line num="14" count="22" type="cond" truecount="1" falsecount="0"/>
      <line num="15" count="8" type="cond" truecount="2" falsecount="0"/>
      <line num="16" count="1" type="stmt"/>
      <line num="18" count="7" type="stmt"/>
      <line num="19" count="28" type="stmt"/>
      <line num="24" count="2" type="stmt"/>
      <line num="25" count="180" type="cond" truecount="2" falsecount="0"/>
      <line num="26" count="135" type="stmt"/>
      <line num="30" count="180" type="cond" truecount="2" falsecount="0"/>
      <line num="31" count="9" type="stmt"/>
      <line num="35" count="180" type="stmt"/>
      <line num="38" count="2" type="stmt"/>
      <line num="40" count="2" type="stmt"/>
      <line num="49" count="1" type="stmt"/>
      <line num="50" count="6" type="cond" truecount="2" falsecount="0"/>
      <line num="51" count="5" type="stmt"/>
      <line num="55" count="6" type="cond" truecount="2" falsecount="0"/>
      <line num="56" count="1" type="stmt"/>
      <line num="60" count="6" type="stmt"/>
      <line num="63" count="1" type="stmt"/>
      <line num="65" count="1" type="stmt"/>
      <line num="74" count="1" type="stmt"/>
      <line num="75" count="1" type="stmt"/>
      <line num="76" count="1" type="stmt"/>
      <line num="77" count="1" type="stmt"/>
      <line num="78" count="6" type="stmt"/>
      <line num="79" count="6" type="stmt"/>
      <line num="81" count="1" type="stmt"/>
      <line num="82" count="1" type="stmt"/>
      <line num="83" count="1" type="stmt"/>
      <line num="84" count="6" type="cond" truecount="1" falsecount="1"/>
      <line num="85" count="0" type="stmt"/>
      <line num="87" count="6" type="stmt"/>
      <line num="88" count="6" type="cond" truecount="2" falsecount="0"/>
      <line num="89" count="5" type="stmt"/>
      <line num="90" count="19" type="stmt"/>
      <line num="92" count="6" type="cond" truecount="2" falsecount="0"/>
      <line num="93" count="1" type="stmt"/>
      <line num="94" count="1" type="stmt"/>
      <line num="95" count="3" type="stmt"/>
      <line num="98" count="6" type="stmt"/>
      <line num="100" count="1" type="stmt"/>
      <line num="103" count="1" type="stmt"/>
    </file>
    <file name="index.js" path="/Users/wictorz/Work/graphql-markdown/src/index.js">
      <metrics statements="55" coveredstatements="17" conditionals="36" coveredconditionals="6" methods="9" coveredmethods="2"/>
      <line num="3" count="1" type="stmt"/>
      <line num="4" count="1" type="stmt"/>
      <line num="5" count="1" type="stmt"/>
      <line num="6" count="1" type="stmt"/>
      <line num="7" count="1" type="stmt"/>
      <line num="8" count="1" type="stmt"/>
      <line num="11" count="0" type="stmt"/>
      <line num="12" count="0" type="stmt"/>
      <line num="17" count="2" type="stmt"/>
      <line num="18" count="2" type="stmt"/>
      <line num="53" count="2" type="stmt"/>
      <line num="55" count="2" type="cond" truecount="2" falsecount="0"/>
      <line num="56" count="1" type="stmt"/>
      <line num="57" count="1" type="cond" truecount="1" falsecount="1"/>
      <line num="58" count="0" type="stmt"/>
      <line num="59" count="1" type="cond" truecount="1" falsecount="1"/>
      <line num="60" count="0" type="cond" truecount="0" falsecount="2"/>
      <line num="61" count="0" type="stmt"/>
      <line num="62" count="0" type="cond" truecount="0" falsecount="2"/>
      <line num="63" count="0" type="stmt"/>
      <line num="65" count="0" type="stmt"/>
      <line num="68" count="0" type="stmt"/>
      <line num="69" count="0" type="cond" truecount="0" falsecount="2"/>
      <line num="70" count="0" type="stmt"/>
      <line num="71" count="0" type="stmt"/>
      <line num="72" count="0" type="stmt"/>
      <line num="74" count="0" type="stmt"/>
      <line num="75" count="0" type="stmt"/>
      <line num="76" count="0" type="stmt"/>
      <line num="84" count="0" type="cond" truecount="0" falsecount="2"/>
      <line num="85" count="0" type="stmt"/>
      <line num="86" count="0" type="stmt"/>
      <line num="87" count="0" type="cond" truecount="0" falsecount="2"/>
      <line num="88" count="0" type="stmt"/>
      <line num="89" count="0" type="cond" truecount="0" falsecount="2"/>
      <line num="90" count="0" type="stmt"/>
      <line num="91" count="0" type="cond" truecount="0" falsecount="2"/>
      <line num="92" count="0" type="stmt"/>
      <line num="96" count="0" type="stmt"/>
      <line num="97" count="0" type="cond" truecount="0" falsecount="2"/>
      <line num="98" count="0" type="stmt"/>
      <line num="100" count="0" type="cond" truecount="0" falsecount="2"/>
      <line num="101" count="0" type="stmt"/>
      <line num="105" count="0" type="stmt"/>
      <line num="106" count="0" type="cond" truecount="0" falsecount="2"/>
      <line num="107" count="0" type="stmt"/>
      <line num="111" count="0" type="stmt"/>
      <line num="112" count="0" type="cond" truecount="0" falsecount="2"/>
      <line num="113" count="0" type="stmt"/>
      <line num="118" count="1" type="stmt"/>
      <line num="119" count="1" type="cond" truecount="1" falsecount="1"/>
      <line num="120" count="0" type="stmt"/>
      <line num="125" count="1" type="stmt"/>
      <line num="134" count="1" type="cond" truecount="1" falsecount="1"/>
      <line num="135" count="0" type="stmt"/>
    </file>
    <file name="loadSchemaJSON.js" path="/Users/wictorz/Work/graphql-markdown/src/loadSchemaJSON.js">
      <metrics statements="53" coveredstatements="47" conditionals="42" coveredconditionals="31" methods="12" coveredmethods="12"/>
      <line num="2" count="1" type="stmt"/>
      <line num="3" count="1" type="stmt"/>
      <line num="4" count="1" type="stmt"/>
      <line num="5" count="1" type="stmt"/>
      <line num="6" count="1" type="stmt"/>
      <line num="8" count="1" type="stmt"/>
      <line num="11" count="4" type="stmt"/>
      <line num="12" count="4" type="stmt"/>
      <line num="13" count="4" type="cond" truecount="1" falsecount="1"/>
      <line num="19" count="8" type="cond" truecount="2" falsecount="0"/>
      <line num="20" count="8" type="cond" truecount="2" falsecount="0"/>
      <line num="21" count="8" type="stmt"/>
      <line num="22" count="8" type="stmt"/>
      <line num="23" count="8" type="stmt"/>
      <line num="28" count="1" type="cond" truecount="1" falsecount="1"/>
      <line num="29" count="1" type="cond" truecount="2" falsecount="0"/>
      <line num="30" count="1" type="stmt"/>
      <line num="39" count="1" type="stmt"/>
      <line num="40" count="1" type="stmt"/>
      <line num="44" count="4" type="cond" truecount="2" falsecount="0"/>
      <line num="45" count="4" type="cond" truecount="2" falsecount="0"/>
      <line num="46" count="4" type="stmt"/>
      <line num="50" count="4" type="stmt"/>
      <line num="51" count="4" type="cond" truecount="1" falsecount="1"/>
      <line num="52" count="0" type="stmt"/>
      <line num="54" count="4" type="stmt"/>
      <line num="55" count="4" type="cond" truecount="1" falsecount="1"/>
      <line num="56" count="4" type="cond" truecount="2" falsecount="0"/>
      <line num="57" count="1" type="stmt"/>
      <line num="60" count="4" type="stmt"/>
      <line num="64" count="4" type="cond" truecount="1" falsecount="1"/>
      <line num="65" count="4" type="cond" truecount="2" falsecount="0"/>
      <line num="66" count="1" type="cond" truecount="1" falsecount="1"/>
      <line num="67" count="0" type="stmt"/>
      <line num="69" count="1" type="stmt"/>
      <line num="70" count="1" type="cond" truecount="1" falsecount="1"/>
      <line num="71" count="0" type="stmt"/>
      <line num="75" count="1" type="stmt"/>
      <line num="76" count="1" type="cond" truecount="1" falsecount="1"/>
      <line num="77" count="1" type="stmt"/>
      <line num="79" count="3" type="cond" truecount="1" falsecount="1"/>
      <line num="80" count="0" type="stmt"/>
      <line num="81" count="3" type="cond" truecount="1" falsecount="1"/>
      <line num="82" count="0" type="stmt"/>
      <line num="83" count="3" type="cond" truecount="3" falsecount="1"/>
      <line num="84" count="3" type="stmt"/>
      <line num="87" count="0" type="stmt"/>
      <line num="94" count="9" type="cond" truecount="2" falsecount="0"/>
      <line num="95" count="1" type="stmt"/>
      <line num="96" count="8" type="cond" truecount="2" falsecount="0"/>
      <line num="97" count="4" type="stmt"/>
      <line num="99" count="4" type="stmt"/>
      <line num="102" count="1" type="stmt"/>
    </file>
    <file name="renderSchema.js" path="/Users/wictorz/Work/graphql-markdown/src/renderSchema.js">
      <metrics statements="200" coveredstatements="188" conditionals="138" coveredconditionals="107" methods="33" coveredmethods="33"/>
      <line num="3" count="42" type="stmt"/>
      <line num="4" count="958" type="stmt"/>
      <line num="5" count="958" type="stmt"/>
      <line num="6" count="958" type="cond" truecount="2" falsecount="0"/>
      <line num="7" count="418" type="cond" truecount="1" falsecount="1"/>
      <line num="8" count="0" type="stmt"/>
      <line num="13" count="2836" type="cond" truecount="2" falsecount="0"/>
      <line num="14" count="318" type="stmt"/>
      <line num="16" count="2518" type="cond" truecount="2" falsecount="0"/>
      <line num="17" count="232" type="stmt"/>
      <line num="19" count="2286" type="stmt"/>
      <line num="20" count="2286" type="cond" truecount="2" falsecount="0"/>
      <line num="24" count="199" type="cond" truecount="1" falsecount="1"/>
      <line num="25" count="199" type="stmt"/>
      <line num="26" count="199" type="cond" truecount="1" falsecount="1"/>
      <line num="27" count="199" type="cond" truecount="1" falsecount="1"/>
      <line num="28" count="199" type="stmt"/>
      <line num="29" count="199" type="stmt"/>
      <line num="31" count="199" type="cond" truecount="2" falsecount="0"/>
      <line num="32" count="191" type="stmt"/>
      <line num="34" count="199" type="cond" truecount="2" falsecount="0"/>
      <line num="35" count="190" type="stmt"/>
      <line num="37" count="199" type="cond" truecount="2" falsecount="0"/>
      <line num="38" count="199" type="stmt"/>
      <line num="39" count="1296" type="cond" truecount="1" falsecount="1"/>
      <line num="40" count="1296" type="stmt"/>
      <line num="41" count="1296" type="stmt"/>
      <line num="42" count="1296" type="cond" truecount="4" falsecount="0"/>
      <line num="43" count="1267" type="cond" truecount="1" falsecount="1"/>
      <line num="44" count="1267" type="stmt"/>
      <line num="46" count="1267" type="cond" truecount="2" falsecount="0"/>
      <line num="47" count="9" type="stmt"/>
      <line num="48" count="9" type="cond" truecount="1" falsecount="1"/>
      <line num="49" count="9" type="stmt"/>
      <line num="50" count="9" type="stmt"/>
      <line num="51" count="9" type="stmt"/>
      <line num="55" count="1296" type="cond" truecount="4" falsecount="0"/>
      <line num="56" count="320" type="stmt"/>
      <line num="57" count="320" type="stmt"/>
      <line num="58" count="320" type="stmt"/>
      <line num="59" count="320" type="stmt"/>
      <line num="62" count="320" type="stmt"/>
      <line num="63" count="988" type="stmt"/>
      <line num="73" count="988" type="stmt"/>
      <line num="80" count="7" type="cond" truecount="1" falsecount="1"/>
      <line num="81" count="7" type="cond" truecount="2" falsecount="0"/>
      <line num="82" count="7" type="cond" truecount="2" falsecount="0"/>
      <line num="83" count="7" type="cond" truecount="2" falsecount="0"/>
      <line num="84" count="7" type="cond" truecount="2" falsecount="0"/>
      <line num="85" count="7" type="cond" truecount="2" falsecount="0"/>
      <line num="86" count="7" type="cond" truecount="1" falsecount="1"/>
      <line num="87" count="7" type="cond" truecount="2" falsecount="0"/>
      <line num="88" count="7" type="stmt"/>
      <line num="90" count="7" type="cond" truecount="1" falsecount="1"/>
      <line num="91" count="7" type="stmt"/>
      <line num="94" count="320" type="stmt"/>
      <line num="95" count="7" type="stmt"/>
      <line num="96" count="320" type="stmt"/>
      <line num="98" count="7" type="stmt"/>
      <line num="99" count="2286" type="stmt"/>
      <line num="100" count="2286" type="cond" truecount="2" falsecount="0"/>
      <line num="101" count="2272" type="stmt"/>
      <line num="102" count="14" type="cond" truecount="1" falsecount="1"/>
      <line num="103" count="0" type="stmt"/>
      <line num="104" count="14" type="cond" truecount="1" falsecount="1"/>
      <line num="105" count="0" type="stmt"/>
      <line num="109" count="7" type="stmt"/>
      <line num="111" count="20" type="cond" truecount="2" falsecount="0"/>
      <line num="112" count="7" type="stmt"/>
      <line num="114" count="7" type="cond" truecount="2" falsecount="0"/>
      <line num="115" count="12" type="stmt"/>
      <line num="116" count="7" type="stmt"/>
      <line num="117" count="272" type="cond" truecount="3" falsecount="0"/>
      <line num="119" count="272" type="stmt"/>
      <line num="120" count="272" type="stmt"/>
      <line num="121" count="272" type="stmt"/>
      <line num="122" count="272" type="stmt"/>
      <line num="123" count="272" type="stmt"/>
      <line num="125" count="7" type="stmt"/>
      <line num="126" count="7" type="stmt"/>
      <line num="127" count="7" type="stmt"/>
      <line num="128" count="7" type="stmt"/>
      <line num="129" count="7" type="stmt"/>
      <line num="130" count="7" type="stmt"/>
      <line num="132" count="7" type="cond" truecount="1" falsecount="1"/>
      <line num="133" count="7" type="stmt"/>
      <line num="136" count="7" type="cond" truecount="1" falsecount="1"/>
      <line num="137" count="0" type="stmt"/>
      <line num="140" count="7" type="cond" truecount="2" falsecount="0"/>
      <line num="141" count="6" type="stmt"/>
      <line num="142" count="6" type="stmt"/>
      <line num="143" count="6" type="cond" truecount="2" falsecount="0"/>
      <line num="144" count="5" type="stmt"/>
      <line num="146" count="6" type="cond" truecount="2" falsecount="0"/>
      <line num="147" count="1" type="stmt"/>
      <line num="149" count="6" type="cond" truecount="1" falsecount="1"/>
      <line num="150" count="6" type="stmt"/>
      <line num="151" count="6" type="stmt"/>
      <line num="152" count="182" type="stmt"/>
      <line num="155" count="6" type="cond" truecount="2" falsecount="0"/>
      <line num="156" count="1" type="stmt"/>
      <line num="157" count="1" type="stmt"/>
      <line num="158" count="1" type="stmt"/>
      <line num="161" count="6" type="cond" truecount="2" falsecount="0"/>
      <line num="162" count="4" type="stmt"/>
      <line num="163" count="4" type="stmt"/>
      <line num="164" count="8" type="stmt"/>
      <line num="167" count="6" type="cond" truecount="2" falsecount="0"/>
      <line num="168" count="5" type="stmt"/>
      <line num="169" count="5" type="stmt"/>
      <line num="170" count="61" type="stmt"/>
      <line num="173" count="6" type="cond" truecount="2" falsecount="0"/>
      <line num="174" count="3" type="stmt"/>
      <line num="175" count="3" type="stmt"/>
      <line num="176" count="6" type="stmt"/>
      <line num="179" count="6" type="cond" truecount="2" falsecount="0"/>
      <line num="180" count="1" type="stmt"/>
      <line num="181" count="1" type="stmt"/>
      <line num="182" count="1" type="stmt"/>
      <line num="185" count="6" type="stmt"/>
      <line num="188" count="7" type="cond" truecount="2" falsecount="0"/>
      <line num="189" count="6" type="stmt"/>
      <line num="194" count="6" type="stmt"/>
      <line num="197" count="7" type="cond" truecount="2" falsecount="0"/>
      <line num="198" count="2" type="stmt"/>
      <line num="203" count="2" type="stmt"/>
      <line num="211" count="7" type="cond" truecount="1" falsecount="1"/>
      <line num="212" count="7" type="stmt"/>
      <line num="213" count="7" type="stmt"/>
      <line num="214" count="183" type="stmt"/>
      <line num="218" count="7" type="cond" truecount="2" falsecount="0"/>
      <line num="219" count="2" type="stmt"/>
      <line num="220" count="2" type="stmt"/>
      <line num="221" count="2" type="stmt"/>
      <line num="225" count="7" type="cond" truecount="2" falsecount="0"/>
      <line num="226" count="4" type="stmt"/>
      <line num="227" count="4" type="stmt"/>
      <line num="228" count="8" type="stmt"/>
      <line num="229" count="8" type="cond" truecount="1" falsecount="1"/>
      <line num="230" count="8" type="stmt"/>
      <line num="232" count="8" type="stmt"/>
      <line num="233" count="8" type="stmt"/>
      <line num="234" count="8" type="stmt"/>
      <line num="235" count="8" type="stmt"/>
      <line num="236" count="8" type="stmt"/>
      <line num="237" count="8" type="stmt"/>
      <line num="238" count="8" type="stmt"/>
      <line num="239" count="66" type="stmt"/>
      <line num="240" count="66" type="stmt"/>
      <line num="245" count="66" type="cond" truecount="2" falsecount="2"/>
      <line num="246" count="66" type="stmt"/>
      <line num="247" count="66" type="cond" truecount="1" falsecount="1"/>
      <line num="248" count="66" type="stmt"/>
      <line num="250" count="66" type="cond" truecount="1" falsecount="1"/>
      <line num="251" count="0" type="stmt"/>
      <line num="252" count="0" type="cond" truecount="0" falsecount="2"/>
      <line num="253" count="0" type="stmt"/>
      <line num="254" count="0" type="stmt"/>
      <line num="255" count="0" type="stmt"/>
      <line num="258" count="66" type="stmt"/>
      <line num="260" count="0" type="stmt"/>
      <line num="262" count="66" type="stmt"/>
      <line num="264" count="8" type="stmt"/>
      <line num="265" count="8" type="stmt"/>
      <line num="269" count="7" type="cond" truecount="2" falsecount="0"/>
      <line num="270" count="6" type="stmt"/>
      <line num="271" count="6" type="stmt"/>
      <line num="272" count="64" type="stmt"/>
      <line num="273" count="64" type="cond" truecount="1" falsecount="1"/>
      <line num="274" count="64" type="stmt"/>
      <line num="279" count="7" type="cond" truecount="2" falsecount="0"/>
      <line num="280" count="3" type="stmt"/>
      <line num="281" count="3" type="stmt"/>
      <line num="282" count="6" type="stmt"/>
      <line num="286" count="7" type="cond" truecount="2" falsecount="0"/>
      <line num="287" count="1" type="stmt"/>
      <line num="288" count="1" type="stmt"/>
      <line num="289" count="1" type="stmt"/>
      <line num="290" count="1" type="cond" truecount="1" falsecount="1"/>
      <line num="291" count="1" type="stmt"/>
      <line num="293" count="1" type="stmt"/>
      <line num="294" count="1" type="stmt"/>
      <line num="295" count="1" type="stmt"/>
      <line num="296" count="1" type="stmt"/>
      <line num="297" count="1" type="stmt"/>
      <line num="298" count="1" type="stmt"/>
      <line num="299" count="1" type="stmt"/>
      <line num="300" count="3" type="stmt"/>
      <line num="301" count="2" type="cond" truecount="3" falsecount="0"/>
      <line num="302" count="2" type="stmt"/>
      <line num="303" count="2" type="stmt"/>
      <line num="308" count="2" type="cond" truecount="1" falsecount="1"/>
      <line num="309" count="2" type="stmt"/>
      <line num="311" count="0" type="stmt"/>
      <line num="313" count="2" type="stmt"/>
      <line num="315" count="1" type="stmt"/>
      <line num="316" count="1" type="stmt"/>
      <line num="320" count="7" type="cond" truecount="1" falsecount="1"/>
      <line num="321" count="0" type="stmt"/>
      <line num="325" count="1" type="stmt"/>
    </file>
    <file name="updateSchema.js" path="/Users/wictorz/Work/graphql-markdown/src/updateSchema.js">
      <metrics statements="38" coveredstatements="29" conditionals="24" coveredconditionals="16" methods="6" coveredmethods="6"/>
      <line num="1" count="1" type="stmt"/>
      <line num="2" count="1" type="stmt"/>
      <line num="5" count="2" type="stmt"/>
      <line num="6" count="2" type="cond" truecount="2" falsecount="0"/>
      <line num="7" count="2" type="cond" truecount="2" falsecount="0"/>
      <line num="8" count="2" type="stmt"/>
      <line num="9" count="2" type="stmt"/>
      <line num="10" count="2" type="cond" truecount="4" falsecount="1"/>
      <line num="11" count="2" type="cond" truecount="1" falsecount="1"/>
      <line num="12" count="2" type="stmt"/>
      <line num="14" count="0" type="stmt"/>
      <line num="16" count="2" type="stmt"/>
      <line num="17" count="0" type="cond" truecount="0" falsecount="2"/>
      <line num="18" count="0" type="stmt"/>
      <line num="19" count="0" type="cond" truecount="0" falsecount="2"/>
      <line num="20" count="0" type="stmt"/>
      <line num="22" count="0" type="stmt"/>
      <line num="27" count="2" type="stmt"/>
      <line num="28" count="2" type="stmt"/>
      <line num="29" count="2" type="cond" truecount="2" falsecount="0"/>
      <line num="30" count="1" type="cond" truecount="1" falsecount="1"/>
      <line num="31" count="1" type="stmt"/>
      <line num="33" count="0" type="stmt"/>
      <line num="36" count="2" type="stmt"/>
      <line num="37" count="2" type="stmt"/>
      <line num="38" count="6326" type="stmt"/>
      <line num="40" count="2" type="stmt"/>
      <line num="41" count="2" type="cond" truecount="2" falsecount="0"/>
      <line num="42" count="1" type="stmt"/>
      <line num="44" count="2" type="stmt"/>
      <line num="45" count="2" type="stmt"/>
      <line num="46" count="2" type="stmt"/>
      <line num="48" count="0" type="stmt"/>
      <line num="50" count="2" type="stmt"/>
      <line num="51" count="2" type="cond" truecount="1" falsecount="1"/>
      <line num="52" count="0" type="stmt"/>
      <line num="54" count="2" type="stmt"/>
      <line num="60" count="1" type="stmt"/>
    </file>
  </project>
</coverage>
