{"/Users/wictorz/Work/graphql-markdown/src/diffSchema.js": {"path":"/Users/wictorz/Work/graphql-markdown/src/diffSchema.js","statementMap":{"0":{"start":{"line":2,"column":13},"end":{"line":2,"column":33}},"1":{"start":{"line":4,"column":48},"end":{"line":4,"column":51}},"2":{"start":{"line":5,"column":2},"end":{"line":7,"column":3}},"3":{"start":{"line":6,"column":4},"end":{"line":6,"column":13}},"4":{"start":{"line":8,"column":2},"end":{"line":11,"column":8}},"5":{"start":{"line":9,"column":4},"end":{"line":9,"column":37}},"6":{"start":{"line":10,"column":4},"end":{"line":10,"column":14}},"7":{"start":{"line":14,"column":47},"end":{"line":14,"column":50}},"8":{"start":{"line":15,"column":2},"end":{"line":17,"column":3}},"9":{"start":{"line":16,"column":4},"end":{"line":16,"column":13}},"10":{"start":{"line":18,"column":2},"end":{"line":20,"column":4}},"11":{"start":{"line":19,"column":4},"end":{"line":19,"column":60}},"12":{"start":{"line":24,"column":16},"end":{"line":36,"column":4}},"13":{"start":{"line":25,"column":4},"end":{"line":29,"column":5}},"14":{"start":{"line":26,"column":6},"end":{"line":28,"column":8}},"15":{"start":{"line":30,"column":4},"end":{"line":34,"column":5}},"16":{"start":{"line":31,"column":6},"end":{"line":33,"column":8}},"17":{"start":{"line":35,"column":4},"end":{"line":35,"column":15}},"18":{"start":{"line":38,"column":21},"end":{"line":38,"column":62}},"19":{"start":{"line":40,"column":2},"end":{"line":45,"column":4}},"20":{"start":{"line":49,"column":16},"end":{"line":61,"column":4}},"21":{"start":{"line":50,"column":4},"end":{"line":54,"column":5}},"22":{"start":{"line":51,"column":6},"end":{"line":53,"column":8}},"23":{"start":{"line":55,"column":4},"end":{"line":59,"column":5}},"24":{"start":{"line":56,"column":6},"end":{"line":58,"column":8}},"25":{"start":{"line":60,"column":4},"end":{"line":60,"column":15}},"26":{"start":{"line":63,"column":21},"end":{"line":63,"column":61}},"27":{"start":{"line":65,"column":2},"end":{"line":70,"column":4}},"28":{"start":{"line":74,"column":28},"end":{"line":74,"column":55}},"29":{"start":{"line":75,"column":28},"end":{"line":75,"column":55}},"30":{"start":{"line":76,"column":18},"end":{"line":76,"column":60}},"31":{"start":{"line":77,"column":21},"end":{"line":80,"column":8}},"32":{"start":{"line":78,"column":4},"end":{"line":78,"column":55}},"33":{"start":{"line":79,"column":4},"end":{"line":79,"column":17}},"34":{"start":{"line":81,"column":17},"end":{"line":81,"column":47}},"35":{"start":{"line":82,"column":19},"end":{"line":82,"column":51}},"36":{"start":{"line":83,"column":2},"end":{"line":99,"column":4}},"37":{"start":{"line":84,"column":4},"end":{"line":86,"column":5}},"38":{"start":{"line":85,"column":6},"end":{"line":85,"column":42}},"39":{"start":{"line":87,"column":4},"end":{"line":87,"column":55}},"40":{"start":{"line":88,"column":4},"end":{"line":91,"column":5}},"41":{"start":{"line":89,"column":24},"end":{"line":89,"column":50}},"42":{"start":{"line":90,"column":6},"end":{"line":90,"column":69}},"43":{"start":{"line":90,"column":47},"end":{"line":90,"column":68}},"44":{"start":{"line":92,"column":4},"end":{"line":97,"column":5}},"45":{"start":{"line":93,"column":28},"end":{"line":93,"column":58}},"46":{"start":{"line":94,"column":6},"end":{"line":96,"column":7}},"47":{"start":{"line":95,"column":23},"end":{"line":95,"column":52}},"48":{"start":{"line":98,"column":4},"end":{"line":98,"column":15}},"49":{"start":{"line":100,"column":2},"end":{"line":100,"column":15}},"50":{"start":{"line":103,"column":0},"end":{"line":103,"column":27}}},"fnMap":{"0":{"name":"toNamedObject","decl":{"start":{"line":4,"column":9},"end":{"line":4,"column":22}},"loc":{"start":{"line":4,"column":53},"end":{"line":12,"column":1}},"line":4},"1":{"name":"(anonymous_1)","decl":{"start":{"line":4,"column":39},"end":{"line":4,"column":40}},"loc":{"start":{"line":4,"column":48},"end":{"line":4,"column":51}},"line":4},"2":{"name":"(anonymous_2)","decl":{"start":{"line":8,"column":20},"end":{"line":8,"column":21}},"loc":{"start":{"line":8,"column":36},"end":{"line":11,"column":3}},"line":8},"3":{"name":"toNamedArray","decl":{"start":{"line":14,"column":9},"end":{"line":14,"column":21}},"loc":{"start":{"line":14,"column":52},"end":{"line":21,"column":1}},"line":14},"4":{"name":"(anonymous_4)","decl":{"start":{"line":14,"column":38},"end":{"line":14,"column":39}},"loc":{"start":{"line":14,"column":47},"end":{"line":14,"column":50}},"line":14},"5":{"name":"(anonymous_5)","decl":{"start":{"line":18,"column":33},"end":{"line":18,"column":34}},"loc":{"start":{"line":18,"column":51},"end":{"line":20,"column":3}},"line":18},"6":{"name":"toDiffableSchema","decl":{"start":{"line":23,"column":9},"end":{"line":23,"column":25}},"loc":{"start":{"line":23,"column":34},"end":{"line":46,"column":1}},"line":23},"7":{"name":"(anonymous_7)","decl":{"start":{"line":24,"column":53},"end":{"line":24,"column":54}},"loc":{"start":{"line":24,"column":63},"end":{"line":36,"column":3}},"line":24},"8":{"name":"fromDiffableSchema","decl":{"start":{"line":48,"column":9},"end":{"line":48,"column":27}},"loc":{"start":{"line":48,"column":36},"end":{"line":71,"column":1}},"line":48},"9":{"name":"(anonymous_9)","decl":{"start":{"line":49,"column":52},"end":{"line":49,"column":53}},"loc":{"start":{"line":49,"column":62},"end":{"line":61,"column":3}},"line":49},"10":{"name":"diffSchema","decl":{"start":{"line":73,"column":9},"end":{"line":73,"column":19}},"loc":{"start":{"line":73,"column":56},"end":{"line":101,"column":1}},"line":73},"11":{"name":"(anonymous_11)","decl":{"start":{"line":77,"column":36},"end":{"line":77,"column":37}},"loc":{"start":{"line":77,"column":56},"end":{"line":80,"column":3}},"line":77},"12":{"name":"(anonymous_12)","decl":{"start":{"line":83,"column":52},"end":{"line":83,"column":53}},"loc":{"start":{"line":83,"column":62},"end":{"line":99,"column":3}},"line":83},"13":{"name":"(anonymous_13)","decl":{"start":{"line":90,"column":36},"end":{"line":90,"column":37}},"loc":{"start":{"line":90,"column":47},"end":{"line":90,"column":68}},"line":90},"14":{"name":"(anonymous_14)","decl":{"start":{"line":95,"column":8},"end":{"line":95,"column":9}},"loc":{"start":{"line":95,"column":23},"end":{"line":95,"column":52}},"line":95}},"branchMap":{"0":{"loc":{"start":{"line":4,"column":28},"end":{"line":4,"column":51}},"type":"default-arg","locations":[{"start":{"line":4,"column":39},"end":{"line":4,"column":51}}],"line":4},"1":{"loc":{"start":{"line":5,"column":2},"end":{"line":7,"column":3}},"type":"if","locations":[{"start":{"line":5,"column":2},"end":{"line":7,"column":3}},{"start":{},"end":{}}],"line":5},"2":{"loc":{"start":{"line":14,"column":27},"end":{"line":14,"column":50}},"type":"default-arg","locations":[{"start":{"line":14,"column":38},"end":{"line":14,"column":50}}],"line":14},"3":{"loc":{"start":{"line":15,"column":2},"end":{"line":17,"column":3}},"type":"if","locations":[{"start":{"line":15,"column":2},"end":{"line":17,"column":3}},{"start":{},"end":{}}],"line":15},"4":{"loc":{"start":{"line":25,"column":4},"end":{"line":29,"column":5}},"type":"if","locations":[{"start":{"line":25,"column":4},"end":{"line":29,"column":5}},{"start":{},"end":{}}],"line":25},"5":{"loc":{"start":{"line":30,"column":4},"end":{"line":34,"column":5}},"type":"if","locations":[{"start":{"line":30,"column":4},"end":{"line":34,"column":5}},{"start":{},"end":{}}],"line":30},"6":{"loc":{"start":{"line":50,"column":4},"end":{"line":54,"column":5}},"type":"if","locations":[{"start":{"line":50,"column":4},"end":{"line":54,"column":5}},{"start":{},"end":{}}],"line":50},"7":{"loc":{"start":{"line":55,"column":4},"end":{"line":59,"column":5}},"type":"if","locations":[{"start":{"line":55,"column":4},"end":{"line":59,"column":5}},{"start":{},"end":{}}],"line":55},"8":{"loc":{"start":{"line":73,"column":42},"end":{"line":73,"column":54}},"type":"default-arg","locations":[{"start":{"line":73,"column":52},"end":{"line":73,"column":54}}],"line":73},"9":{"loc":{"start":{"line":84,"column":4},"end":{"line":86,"column":5}},"type":"if","locations":[{"start":{"line":84,"column":4},"end":{"line":86,"column":5}},{"start":{},"end":{}}],"line":84},"10":{"loc":{"start":{"line":88,"column":4},"end":{"line":91,"column":5}},"type":"if","locations":[{"start":{"line":88,"column":4},"end":{"line":91,"column":5}},{"start":{},"end":{}}],"line":88},"11":{"loc":{"start":{"line":92,"column":4},"end":{"line":97,"column":5}},"type":"if","locations":[{"start":{"line":92,"column":4},"end":{"line":97,"column":5}},{"start":{},"end":{}}],"line":92}},"s":{"0":1,"1":1010,"2":148,"3":0,"4":148,"5":1190,"6":1190,"7":22,"8":8,"9":1,"10":7,"11":28,"12":2,"13":180,"14":135,"15":180,"16":9,"17":180,"18":2,"19":2,"20":1,"21":6,"22":5,"23":6,"24":1,"25":6,"26":1,"27":1,"28":1,"29":1,"30":1,"31":1,"32":6,"33":6,"34":1,"35":1,"36":1,"37":6,"38":0,"39":6,"40":6,"41":5,"42":5,"43":19,"44":6,"45":1,"46":1,"47":3,"48":6,"49":1,"50":1},"f":{"0":148,"1":1010,"2":1190,"3":8,"4":22,"5":28,"6":2,"7":180,"8":1,"9":6,"10":1,"11":6,"12":6,"13":19,"14":3},"b":{"0":[146],"1":[0,148],"2":[7],"3":[1,7],"4":[135,45],"5":[9,171],"6":[5,1],"7":[1,5],"8":[1],"9":[0,6],"10":[5,1],"11":[1,5]},"_coverageSchema":"1a1c01bbd47fc00a2c39e90264f33305004495a9","hash":"20e1b8026b3d570fff38fe68feadb24e6cdcd569"}
,"/Users/wictorz/Work/graphql-markdown/src/index.js": {"path":"/Users/wictorz/Work/graphql-markdown/src/index.js","statementMap":{"0":{"start":{"line":3,"column":18},"end":{"line":3,"column":37}},"1":{"start":{"line":4,"column":20},"end":{"line":4,"column":43}},"2":{"start":{"line":5,"column":41},"end":{"line":5,"column":68}},"3":{"start":{"line":6,"column":21},"end":{"line":6,"column":46}},"4":{"start":{"line":7,"column":21},"end":{"line":7,"column":46}},"5":{"start":{"line":8,"column":19},"end":{"line":8,"column":42}},"6":{"start":{"line":11,"column":2},"end":{"line":13,"column":4}},"7":{"start":{"line":12,"column":4},"end":{"line":12,"column":22}},"8":{"start":{"line":17,"column":15},"end":{"line":17,"column":46}},"9":{"start":{"line":18,"column":2},"end":{"line":46,"column":2}},"10":{"start":{"line":53,"column":15},"end":{"line":53,"column":30}},"11":{"start":{"line":55,"column":2},"end":{"line":122,"column":3}},"12":{"start":{"line":56,"column":4},"end":{"line":56,"column":22}},"13":{"start":{"line":57,"column":9},"end":{"line":122,"column":3}},"14":{"start":{"line":58,"column":4},"end":{"line":58,"column":51}},"15":{"start":{"line":59,"column":9},"end":{"line":122,"column":3}},"16":{"start":{"line":60,"column":4},"end":{"line":67,"column":5}},"17":{"start":{"line":61,"column":26},"end":{"line":61,"column":56}},"18":{"start":{"line":62,"column":6},"end":{"line":66,"column":7}},"19":{"start":{"line":63,"column":8},"end":{"line":63,"column":28}},"20":{"start":{"line":65,"column":8},"end":{"line":65,"column":78}},"21":{"start":{"line":68,"column":23},"end":{"line":68,"column":32}},"22":{"start":{"line":69,"column":20},"end":{"line":73,"column":10}},"23":{"start":{"line":70,"column":30},"end":{"line":70,"column":55}},"24":{"start":{"line":71,"column":6},"end":{"line":71,"column":32}},"25":{"start":{"line":72,"column":6},"end":{"line":72,"column":16}},"26":{"start":{"line":74,"column":24},"end":{"line":74,"column":35}},"27":{"start":{"line":75,"column":4},"end":{"line":116,"column":6}},"28":{"start":{"line":76,"column":22},"end":{"line":83,"column":7}},"29":{"start":{"line":84,"column":6},"end":{"line":95,"column":7}},"30":{"start":{"line":85,"column":8},"end":{"line":85,"column":26}},"31":{"start":{"line":86,"column":8},"end":{"line":86,"column":32}},"32":{"start":{"line":87,"column":13},"end":{"line":95,"column":7}},"33":{"start":{"line":88,"column":8},"end":{"line":94,"column":10}},"34":{"start":{"line":89,"column":10},"end":{"line":93,"column":11}},"35":{"start":{"line":90,"column":12},"end":{"line":90,"column":33}},"36":{"start":{"line":91,"column":17},"end":{"line":93,"column":11}},"37":{"start":{"line":92,"column":12},"end":{"line":92,"column":36}},"38":{"start":{"line":96,"column":25},"end":{"line":96,"column":44}},"39":{"start":{"line":97,"column":6},"end":{"line":115,"column":7}},"40":{"start":{"line":98,"column":8},"end":{"line":109,"column":12}},"41":{"start":{"line":100,"column":12},"end":{"line":102,"column":13}},"42":{"start":{"line":101,"column":14},"end":{"line":101,"column":25}},"43":{"start":{"line":105,"column":12},"end":{"line":105,"column":30}},"44":{"start":{"line":106,"column":12},"end":{"line":108,"column":13}},"45":{"start":{"line":107,"column":14},"end":{"line":107,"column":25}},"46":{"start":{"line":111,"column":8},"end":{"line":111,"column":37}},"47":{"start":{"line":112,"column":8},"end":{"line":114,"column":9}},"48":{"start":{"line":113,"column":10},"end":{"line":113,"column":21}},"49":{"start":{"line":118,"column":4},"end":{"line":118,"column":22}},"50":{"start":{"line":119,"column":4},"end":{"line":121,"column":5}},"51":{"start":{"line":120,"column":6},"end":{"line":120,"column":17}},"52":{"start":{"line":125,"column":0},"end":{"line":132,"column":1}},"53":{"start":{"line":134,"column":0},"end":{"line":136,"column":1}},"54":{"start":{"line":135,"column":2},"end":{"line":135,"column":7}}},"fnMap":{"0":{"name":"safeExit","decl":{"start":{"line":10,"column":9},"end":{"line":10,"column":17}},"loc":{"start":{"line":10,"column":24},"end":{"line":14,"column":1}},"line":10},"1":{"name":"(anonymous_1)","decl":{"start":{"line":11,"column":21},"end":{"line":11,"column":22}},"loc":{"start":{"line":11,"column":33},"end":{"line":13,"column":3}},"line":11},"2":{"name":"printHelp","decl":{"start":{"line":16,"column":9},"end":{"line":16,"column":18}},"loc":{"start":{"line":16,"column":28},"end":{"line":47,"column":1}},"line":16},"3":{"name":"run","decl":{"start":{"line":49,"column":9},"end":{"line":49,"column":12}},"loc":{"start":{"line":52,"column":2},"end":{"line":123,"column":1}},"line":52},"4":{"name":"(anonymous_4)","decl":{"start":{"line":69,"column":56},"end":{"line":69,"column":57}},"loc":{"start":{"line":69,"column":73},"end":{"line":73,"column":5}},"line":69},"5":{"name":"(anonymous_5)","decl":{"start":{"line":75,"column":49},"end":{"line":75,"column":50}},"loc":{"start":{"line":75,"column":61},"end":{"line":116,"column":5}},"line":75},"6":{"name":"(anonymous_6)","decl":{"start":{"line":88,"column":30},"end":{"line":88,"column":31}},"loc":{"start":{"line":88,"column":41},"end":{"line":94,"column":9}},"line":88},"7":{"name":"(anonymous_7)","decl":{"start":{"line":99,"column":16},"end":{"line":99,"column":17}},"loc":{"start":{"line":99,"column":22},"end":{"line":103,"column":11}},"line":99},"8":{"name":"(anonymous_8)","decl":{"start":{"line":104,"column":17},"end":{"line":104,"column":18}},"loc":{"start":{"line":104,"column":26},"end":{"line":109,"column":11}},"line":104}},"branchMap":{"0":{"loc":{"start":{"line":50,"column":2},"end":{"line":50,"column":30}},"type":"default-arg","locations":[{"start":{"line":50,"column":9},"end":{"line":50,"column":30}}],"line":50},"1":{"loc":{"start":{"line":51,"column":2},"end":{"line":51,"column":48}},"type":"default-arg","locations":[{"start":{"line":51,"column":46},"end":{"line":51,"column":48}}],"line":51},"2":{"loc":{"start":{"line":51,"column":4},"end":{"line":51,"column":28}},"type":"default-arg","locations":[{"start":{"line":51,"column":14},"end":{"line":51,"column":28}}],"line":51},"3":{"loc":{"start":{"line":51,"column":30},"end":{"line":51,"column":41}},"type":"default-arg","locations":[{"start":{"line":51,"column":37},"end":{"line":51,"column":41}}],"line":51},"4":{"loc":{"start":{"line":55,"column":2},"end":{"line":122,"column":3}},"type":"if","locations":[{"start":{"line":55,"column":2},"end":{"line":122,"column":3}},{"start":{"line":57,"column":9},"end":{"line":122,"column":3}}],"line":55},"5":{"loc":{"start":{"line":57,"column":9},"end":{"line":122,"column":3}},"type":"if","locations":[{"start":{"line":57,"column":9},"end":{"line":122,"column":3}},{"start":{"line":59,"column":9},"end":{"line":122,"column":3}}],"line":57},"6":{"loc":{"start":{"line":59,"column":9},"end":{"line":122,"column":3}},"type":"if","locations":[{"start":{"line":59,"column":9},"end":{"line":122,"column":3}},{"start":{"line":117,"column":9},"end":{"line":122,"column":3}}],"line":59},"7":{"loc":{"start":{"line":60,"column":4},"end":{"line":67,"column":5}},"type":"if","locations":[{"start":{"line":60,"column":4},"end":{"line":67,"column":5}},{"start":{},"end":{}}],"line":60},"8":{"loc":{"start":{"line":62,"column":6},"end":{"line":66,"column":7}},"type":"if","locations":[{"start":{"line":62,"column":6},"end":{"line":66,"column":7}},{"start":{"line":64,"column":13},"end":{"line":66,"column":7}}],"line":62},"9":{"loc":{"start":{"line":69,"column":30},"end":{"line":69,"column":47}},"type":"binary-expr","locations":[{"start":{"line":69,"column":30},"end":{"line":69,"column":41}},{"start":{"line":69,"column":45},"end":{"line":69,"column":47}}],"line":69},"10":{"loc":{"start":{"line":84,"column":6},"end":{"line":95,"column":7}},"type":"if","locations":[{"start":{"line":84,"column":6},"end":{"line":95,"column":7}},{"start":{"line":87,"column":13},"end":{"line":95,"column":7}}],"line":84},"11":{"loc":{"start":{"line":87,"column":13},"end":{"line":95,"column":7}},"type":"if","locations":[{"start":{"line":87,"column":13},"end":{"line":95,"column":7}},{"start":{},"end":{}}],"line":87},"12":{"loc":{"start":{"line":89,"column":10},"end":{"line":93,"column":11}},"type":"if","locations":[{"start":{"line":89,"column":10},"end":{"line":93,"column":11}},{"start":{"line":91,"column":17},"end":{"line":93,"column":11}}],"line":89},"13":{"loc":{"start":{"line":91,"column":17},"end":{"line":93,"column":11}},"type":"if","locations":[{"start":{"line":91,"column":17},"end":{"line":93,"column":11}},{"start":{},"end":{}}],"line":91},"14":{"loc":{"start":{"line":97,"column":6},"end":{"line":115,"column":7}},"type":"if","locations":[{"start":{"line":97,"column":6},"end":{"line":115,"column":7}},{"start":{"line":110,"column":13},"end":{"line":115,"column":7}}],"line":97},"15":{"loc":{"start":{"line":100,"column":12},"end":{"line":102,"column":13}},"type":"if","locations":[{"start":{"line":100,"column":12},"end":{"line":102,"column":13}},{"start":{},"end":{}}],"line":100},"16":{"loc":{"start":{"line":106,"column":12},"end":{"line":108,"column":13}},"type":"if","locations":[{"start":{"line":106,"column":12},"end":{"line":108,"column":13}},{"start":{},"end":{}}],"line":106},"17":{"loc":{"start":{"line":112,"column":8},"end":{"line":114,"column":9}},"type":"if","locations":[{"start":{"line":112,"column":8},"end":{"line":114,"column":9}},{"start":{},"end":{}}],"line":112},"18":{"loc":{"start":{"line":119,"column":4},"end":{"line":121,"column":5}},"type":"if","locations":[{"start":{"line":119,"column":4},"end":{"line":121,"column":5}},{"start":{},"end":{}}],"line":119},"19":{"loc":{"start":{"line":134,"column":0},"end":{"line":136,"column":1}},"type":"if","locations":[{"start":{"line":134,"column":0},"end":{"line":136,"column":1}},{"start":{},"end":{}}],"line":134}},"s":{"0":1,"1":1,"2":1,"3":1,"4":1,"5":1,"6":0,"7":0,"8":2,"9":2,"10":2,"11":2,"12":1,"13":1,"14":0,"15":1,"16":0,"17":0,"18":0,"19":0,"20":0,"21":0,"22":0,"23":0,"24":0,"25":0,"26":0,"27":0,"28":0,"29":0,"30":0,"31":0,"32":0,"33":0,"34":0,"35":0,"36":0,"37":0,"38":0,"39":0,"40":0,"41":0,"42":0,"43":0,"44":0,"45":0,"46":0,"47":0,"48":0,"49":1,"50":1,"51":0,"52":1,"53":1,"54":0},"f":{"0":0,"1":0,"2":2,"3":2,"4":0,"5":0,"6":0,"7":0,"8":0},"b":{"0":[0],"1":[0],"2":[0],"3":[0],"4":[1,1],"5":[0,1],"6":[0,1],"7":[0,0],"8":[0,0],"9":[0,0],"10":[0,0],"11":[0,0],"12":[0,0],"13":[0,0],"14":[0,0],"15":[0,0],"16":[0,0],"17":[0,0],"18":[0,1],"19":[0,1]},"_coverageSchema":"1a1c01bbd47fc00a2c39e90264f33305004495a9","hash":"29e34965fd2ea766e3c79ca6cf54ca969c62bc24"}
,"/Users/wictorz/Work/graphql-markdown/src/loadSchemaJSON.js": {"path":"/Users/wictorz/Work/graphql-markdown/src/loadSchemaJSON.js","statementMap":{"0":{"start":{"line":2,"column":11},"end":{"line":2,"column":24}},"1":{"start":{"line":3,"column":14},"end":{"line":3,"column":35}},"2":{"start":{"line":4,"column":16},"end":{"line":4,"column":34}},"3":{"start":{"line":5,"column":20},"end":{"line":5,"column":43}},"4":{"start":{"line":6,"column":22},"end":{"line":6,"column":53}},"5":{"start":{"line":8,"column":24},"end":{"line":8,"column":31}},"6":{"start":{"line":11,"column":2},"end":{"line":15,"column":4}},"7":{"start":{"line":12,"column":4},"end":{"line":14,"column":5}},"8":{"start":{"line":13,"column":6},"end":{"line":13,"column":39}},"9":{"start":{"line":19,"column":2},"end":{"line":19,"column":25}},"10":{"start":{"line":20,"column":18},"end":{"line":20,"column":52}},"11":{"start":{"line":21,"column":17},"end":{"line":21,"column":48}},"12":{"start":{"line":22,"column":2},"end":{"line":24,"column":4}},"13":{"start":{"line":23,"column":4},"end":{"line":23,"column":22}},"14":{"start":{"line":28,"column":2},"end":{"line":28,"column":25}},"15":{"start":{"line":29,"column":18},"end":{"line":29,"column":52}},"16":{"start":{"line":30,"column":2},"end":{"line":40,"column":34}},"17":{"start":{"line":39,"column":19},"end":{"line":39,"column":29}},"18":{"start":{"line":40,"column":22},"end":{"line":40,"column":33}},"19":{"start":{"line":44,"column":2},"end":{"line":44,"column":25}},"20":{"start":{"line":45,"column":18},"end":{"line":45,"column":52}},"21":{"start":{"line":46,"column":2},"end":{"line":46,"column":69}},"22":{"start":{"line":46,"column":43},"end":{"line":46,"column":68}},"23":{"start":{"line":50,"column":23},"end":{"line":50,"column":51}},"24":{"start":{"line":51,"column":2},"end":{"line":53,"column":3}},"25":{"start":{"line":52,"column":4},"end":{"line":52,"column":69}},"26":{"start":{"line":54,"column":15},"end":{"line":54,"column":36}},"27":{"start":{"line":55,"column":2},"end":{"line":61,"column":3}},"28":{"start":{"line":56,"column":4},"end":{"line":58,"column":5}},"29":{"start":{"line":57,"column":6},"end":{"line":57,"column":29}},"30":{"start":{"line":60,"column":4},"end":{"line":60,"column":25}},"31":{"start":{"line":64,"column":2},"end":{"line":86,"column":3}},"32":{"start":{"line":65,"column":4},"end":{"line":85,"column":5}},"33":{"start":{"line":66,"column":6},"end":{"line":68,"column":7}},"34":{"start":{"line":67,"column":8},"end":{"line":67,"column":35}},"35":{"start":{"line":69,"column":26},"end":{"line":69,"column":62}},"36":{"start":{"line":70,"column":6},"end":{"line":74,"column":7}},"37":{"start":{"line":71,"column":8},"end":{"line":73,"column":9}},"38":{"start":{"line":75,"column":22},"end":{"line":75,"column":42}},"39":{"start":{"line":76,"column":6},"end":{"line":78,"column":7}},"40":{"start":{"line":77,"column":8},"end":{"line":77,"column":48}},"41":{"start":{"line":79,"column":11},"end":{"line":85,"column":5}},"42":{"start":{"line":80,"column":6},"end":{"line":80,"column":33}},"43":{"start":{"line":81,"column":11},"end":{"line":85,"column":5}},"44":{"start":{"line":82,"column":6},"end":{"line":82,"column":19}},"45":{"start":{"line":83,"column":11},"end":{"line":85,"column":5}},"46":{"start":{"line":84,"column":6},"end":{"line":84,"column":24}},"47":{"start":{"line":87,"column":2},"end":{"line":90,"column":3}},"48":{"start":{"line":94,"column":2},"end":{"line":98,"column":3}},"49":{"start":{"line":95,"column":4},"end":{"line":95,"column":51}},"50":{"start":{"line":96,"column":9},"end":{"line":98,"column":3}},"51":{"start":{"line":97,"column":4},"end":{"line":97,"column":60}},"52":{"start":{"line":99,"column":2},"end":{"line":99,"column":34}},"53":{"start":{"line":102,"column":0},"end":{"line":102,"column":49}}},"fnMap":{"0":{"name":"readFile","decl":{"start":{"line":10,"column":9},"end":{"line":10,"column":17}},"loc":{"start":{"line":10,"column":28},"end":{"line":16,"column":1}},"line":10},"1":{"name":"(anonymous_1)","decl":{"start":{"line":11,"column":21},"end":{"line":11,"column":22}},"loc":{"start":{"line":11,"column":42},"end":{"line":15,"column":3}},"line":11},"2":{"name":"(anonymous_2)","decl":{"start":{"line":12,"column":34},"end":{"line":12,"column":35}},"loc":{"start":{"line":13,"column":6},"end":{"line":13,"column":39}},"line":13},"3":{"name":"schemaToJSON","decl":{"start":{"line":18,"column":9},"end":{"line":18,"column":21}},"loc":{"start":{"line":18,"column":39},"end":{"line":25,"column":1}},"line":18},"4":{"name":"(anonymous_4)","decl":{"start":{"line":22,"column":50},"end":{"line":22,"column":51}},"loc":{"start":{"line":22,"column":62},"end":{"line":24,"column":3}},"line":22},"5":{"name":"fetchSchemaJSON","decl":{"start":{"line":27,"column":9},"end":{"line":27,"column":24}},"loc":{"start":{"line":27,"column":39},"end":{"line":41,"column":1}},"line":27},"6":{"name":"(anonymous_6)","decl":{"start":{"line":39,"column":10},"end":{"line":39,"column":11}},"loc":{"start":{"line":39,"column":19},"end":{"line":39,"column":29}},"line":39},"7":{"name":"(anonymous_7)","decl":{"start":{"line":40,"column":10},"end":{"line":40,"column":11}},"loc":{"start":{"line":40,"column":22},"end":{"line":40,"column":33}},"line":40},"8":{"name":"parseSchemaGraphQL","decl":{"start":{"line":43,"column":9},"end":{"line":43,"column":27}},"loc":{"start":{"line":43,"column":47},"end":{"line":47,"column":1}},"line":43},"9":{"name":"(anonymous_9)","decl":{"start":{"line":46,"column":33},"end":{"line":46,"column":34}},"loc":{"start":{"line":46,"column":43},"end":{"line":46,"column":68}},"line":46},"10":{"name":"requireSchema","decl":{"start":{"line":49,"column":15},"end":{"line":49,"column":28}},"loc":{"start":{"line":49,"column":41},"end":{"line":91,"column":1}},"line":49},"11":{"name":"loadSchemaJSON","decl":{"start":{"line":93,"column":9},"end":{"line":93,"column":23}},"loc":{"start":{"line":93,"column":49},"end":{"line":100,"column":1}},"line":93}},"branchMap":{"0":{"loc":{"start":{"line":13,"column":6},"end":{"line":13,"column":39}},"type":"cond-expr","locations":[{"start":{"line":13,"column":12},"end":{"line":13,"column":23}},{"start":{"line":13,"column":26},"end":{"line":13,"column":39}}],"line":13},"1":{"loc":{"start":{"line":19,"column":12},"end":{"line":19,"column":25}},"type":"binary-expr","locations":[{"start":{"line":19,"column":12},"end":{"line":19,"column":19}},{"start":{"line":19,"column":23},"end":{"line":19,"column":25}}],"line":19},"2":{"loc":{"start":{"line":20,"column":18},"end":{"line":20,"column":52}},"type":"binary-expr","locations":[{"start":{"line":20,"column":18},"end":{"line":20,"column":33}},{"start":{"line":20,"column":37},"end":{"line":20,"column":52}}],"line":20},"3":{"loc":{"start":{"line":28,"column":12},"end":{"line":28,"column":25}},"type":"binary-expr","locations":[{"start":{"line":28,"column":12},"end":{"line":28,"column":19}},{"start":{"line":28,"column":23},"end":{"line":28,"column":25}}],"line":28},"4":{"loc":{"start":{"line":29,"column":18},"end":{"line":29,"column":52}},"type":"binary-expr","locations":[{"start":{"line":29,"column":18},"end":{"line":29,"column":33}},{"start":{"line":29,"column":37},"end":{"line":29,"column":52}}],"line":29},"5":{"loc":{"start":{"line":44,"column":12},"end":{"line":44,"column":25}},"type":"binary-expr","locations":[{"start":{"line":44,"column":12},"end":{"line":44,"column":19}},{"start":{"line":44,"column":23},"end":{"line":44,"column":25}}],"line":44},"6":{"loc":{"start":{"line":45,"column":18},"end":{"line":45,"column":52}},"type":"binary-expr","locations":[{"start":{"line":45,"column":18},"end":{"line":45,"column":33}},{"start":{"line":45,"column":37},"end":{"line":45,"column":52}}],"line":45},"7":{"loc":{"start":{"line":51,"column":2},"end":{"line":53,"column":3}},"type":"if","locations":[{"start":{"line":51,"column":2},"end":{"line":53,"column":3}},{"start":{},"end":{}}],"line":51},"8":{"loc":{"start":{"line":55,"column":2},"end":{"line":61,"column":3}},"type":"if","locations":[{"start":{"line":55,"column":2},"end":{"line":61,"column":3}},{"start":{},"end":{}}],"line":55},"9":{"loc":{"start":{"line":56,"column":4},"end":{"line":58,"column":5}},"type":"if","locations":[{"start":{"line":56,"column":4},"end":{"line":58,"column":5}},{"start":{},"end":{}}],"line":56},"10":{"loc":{"start":{"line":64,"column":2},"end":{"line":86,"column":3}},"type":"if","locations":[{"start":{"line":64,"column":2},"end":{"line":86,"column":3}},{"start":{},"end":{}}],"line":64},"11":{"loc":{"start":{"line":65,"column":4},"end":{"line":85,"column":5}},"type":"if","locations":[{"start":{"line":65,"column":4},"end":{"line":85,"column":5}},{"start":{"line":79,"column":11},"end":{"line":85,"column":5}}],"line":65},"12":{"loc":{"start":{"line":66,"column":6},"end":{"line":68,"column":7}},"type":"if","locations":[{"start":{"line":66,"column":6},"end":{"line":68,"column":7}},{"start":{},"end":{}}],"line":66},"13":{"loc":{"start":{"line":70,"column":6},"end":{"line":74,"column":7}},"type":"if","locations":[{"start":{"line":70,"column":6},"end":{"line":74,"column":7}},{"start":{},"end":{}}],"line":70},"14":{"loc":{"start":{"line":76,"column":6},"end":{"line":78,"column":7}},"type":"if","locations":[{"start":{"line":76,"column":6},"end":{"line":78,"column":7}},{"start":{},"end":{}}],"line":76},"15":{"loc":{"start":{"line":79,"column":11},"end":{"line":85,"column":5}},"type":"if","locations":[{"start":{"line":79,"column":11},"end":{"line":85,"column":5}},{"start":{"line":81,"column":11},"end":{"line":85,"column":5}}],"line":79},"16":{"loc":{"start":{"line":81,"column":11},"end":{"line":85,"column":5}},"type":"if","locations":[{"start":{"line":81,"column":11},"end":{"line":85,"column":5}},{"start":{"line":83,"column":11},"end":{"line":85,"column":5}}],"line":81},"17":{"loc":{"start":{"line":83,"column":11},"end":{"line":85,"column":5}},"type":"if","locations":[{"start":{"line":83,"column":11},"end":{"line":85,"column":5}},{"start":{},"end":{}}],"line":83},"18":{"loc":{"start":{"line":83,"column":15},"end":{"line":83,"column":50}},"type":"binary-expr","locations":[{"start":{"line":83,"column":15},"end":{"line":83,"column":26}},{"start":{"line":83,"column":30},"end":{"line":83,"column":50}}],"line":83},"19":{"loc":{"start":{"line":94,"column":2},"end":{"line":98,"column":3}},"type":"if","locations":[{"start":{"line":94,"column":2},"end":{"line":98,"column":3}},{"start":{"line":96,"column":9},"end":{"line":98,"column":3}}],"line":94},"20":{"loc":{"start":{"line":96,"column":9},"end":{"line":98,"column":3}},"type":"if","locations":[{"start":{"line":96,"column":9},"end":{"line":98,"column":3}},{"start":{},"end":{}}],"line":96}},"s":{"0":1,"1":1,"2":1,"3":1,"4":1,"5":1,"6":4,"7":4,"8":4,"9":8,"10":8,"11":8,"12":8,"13":8,"14":1,"15":1,"16":1,"17":1,"18":1,"19":4,"20":4,"21":4,"22":4,"23":4,"24":4,"25":0,"26":4,"27":4,"28":4,"29":1,"30":4,"31":4,"32":4,"33":1,"34":0,"35":1,"36":1,"37":0,"38":1,"39":1,"40":1,"41":3,"42":0,"43":3,"44":0,"45":3,"46":3,"47":0,"48":9,"49":1,"50":8,"51":4,"52":4,"53":1},"f":{"0":4,"1":4,"2":4,"3":8,"4":8,"5":1,"6":1,"7":1,"8":4,"9":4,"10":4,"11":9},"b":{"0":[0,4],"1":[8,4],"2":[8,4],"3":[1,0],"4":[1,1],"5":[4,4],"6":[4,4],"7":[0,4],"8":[4,0],"9":[1,3],"10":[4,0],"11":[1,3],"12":[0,1],"13":[0,1],"14":[1,0],"15":[0,3],"16":[0,3],"17":[3,0],"18":[3,3],"19":[1,8],"20":[4,4]},"_coverageSchema":"1a1c01bbd47fc00a2c39e90264f33305004495a9","hash":"db17d2041d985c72743044370d6f865d71a4349e"}
,"/Users/wictorz/Work/graphql-markdown/src/renderSchema.js": {"path":"/Users/wictorz/Work/graphql-markdown/src/renderSchema.js","statementMap":{"0":{"start":{"line":3,"column":2},"end":{"line":9,"column":5}},"1":{"start":{"line":4,"column":19},"end":{"line":4,"column":30}},"2":{"start":{"line":5,"column":19},"end":{"line":5,"column":30}},"3":{"start":{"line":6,"column":4},"end":{"line":6,"column":34}},"4":{"start":{"line":6,"column":25},"end":{"line":6,"column":34}},"5":{"start":{"line":7,"column":4},"end":{"line":7,"column":35}},"6":{"start":{"line":7,"column":25},"end":{"line":7,"column":35}},"7":{"start":{"line":8,"column":4},"end":{"line":8,"column":13}},"8":{"start":{"line":13,"column":2},"end":{"line":15,"column":3}},"9":{"start":{"line":14,"column":4},"end":{"line":14,"column":50}},"10":{"start":{"line":16,"column":2},"end":{"line":18,"column":3}},"11":{"start":{"line":17,"column":4},"end":{"line":17,"column":51}},"12":{"start":{"line":19,"column":14},"end":{"line":19,"column":38}},"13":{"start":{"line":20,"column":2},"end":{"line":20,"column":63}},"14":{"start":{"line":24,"column":2},"end":{"line":24,"column":26}},"15":{"start":{"line":25,"column":20},"end":{"line":25,"column":46}},"16":{"start":{"line":26,"column":18},"end":{"line":26,"column":48}},"17":{"start":{"line":27,"column":23},"end":{"line":27,"column":48}},"18":{"start":{"line":28,"column":21},"end":{"line":28,"column":39}},"19":{"start":{"line":29,"column":24},"end":{"line":29,"column":52}},"20":{"start":{"line":31,"column":2},"end":{"line":33,"column":3}},"21":{"start":{"line":32,"column":4},"end":{"line":32,"column":64}},"22":{"start":{"line":34,"column":2},"end":{"line":36,"column":3}},"23":{"start":{"line":35,"column":4},"end":{"line":35,"column":37}},"24":{"start":{"line":37,"column":18},"end":{"line":37,"column":64}},"25":{"start":{"line":38,"column":2},"end":{"line":76,"column":5}},"26":{"start":{"line":39,"column":4},"end":{"line":39,"column":66}},"27":{"start":{"line":40,"column":4},"end":{"line":40,"column":28}},"28":{"start":{"line":41,"column":4},"end":{"line":41,"column":67}},"29":{"start":{"line":42,"column":4},"end":{"line":54,"column":5}},"30":{"start":{"line":43,"column":6},"end":{"line":45,"column":7}},"31":{"start":{"line":44,"column":8},"end":{"line":44,"column":40}},"32":{"start":{"line":46,"column":6},"end":{"line":53,"column":7}},"33":{"start":{"line":47,"column":8},"end":{"line":47,"column":50}},"34":{"start":{"line":48,"column":8},"end":{"line":52,"column":9}},"35":{"start":{"line":49,"column":10},"end":{"line":49,"column":34}},"36":{"start":{"line":50,"column":10},"end":{"line":50,"column":52}},"37":{"start":{"line":51,"column":10},"end":{"line":51,"column":35}},"38":{"start":{"line":55,"column":4},"end":{"line":75,"column":5}},"39":{"start":{"line":56,"column":6},"end":{"line":56,"column":21}},"40":{"start":{"line":57,"column":6},"end":{"line":57,"column":31}},"41":{"start":{"line":58,"column":6},"end":{"line":58,"column":47}},"42":{"start":{"line":59,"column":6},"end":{"line":61,"column":8}},"43":{"start":{"line":62,"column":6},"end":{"line":74,"column":9}},"44":{"start":{"line":63,"column":8},"end":{"line":72,"column":10}},"45":{"start":{"line":73,"column":8},"end":{"line":73,"column":23}},"46":{"start":{"line":80,"column":2},"end":{"line":80,"column":26}},"47":{"start":{"line":81,"column":16},"end":{"line":81,"column":47}},"48":{"start":{"line":82,"column":20},"end":{"line":82,"column":46}},"49":{"start":{"line":83,"column":30},"end":{"line":83,"column":66}},"50":{"start":{"line":84,"column":19},"end":{"line":84,"column":41}},"51":{"start":{"line":85,"column":19},"end":{"line":85,"column":41}},"52":{"start":{"line":86,"column":18},"end":{"line":86,"column":48}},"53":{"start":{"line":87,"column":23},"end":{"line":87,"column":48}},"54":{"start":{"line":88,"column":25},"end":{"line":88,"column":47}},"55":{"start":{"line":90,"column":2},"end":{"line":92,"column":3}},"56":{"start":{"line":91,"column":4},"end":{"line":91,"column":29}},"57":{"start":{"line":94,"column":16},"end":{"line":94,"column":74}},"58":{"start":{"line":94,"column":46},"end":{"line":94,"column":73}},"59":{"start":{"line":95,"column":18},"end":{"line":97,"column":8}},"60":{"start":{"line":96,"column":4},"end":{"line":96,"column":57}},"61":{"start":{"line":98,"column":21},"end":{"line":107,"column":3}},"62":{"start":{"line":99,"column":16},"end":{"line":99,"column":45}},"63":{"start":{"line":100,"column":4},"end":{"line":106,"column":5}},"64":{"start":{"line":101,"column":6},"end":{"line":101,"column":17}},"65":{"start":{"line":102,"column":11},"end":{"line":106,"column":5}},"66":{"start":{"line":103,"column":6},"end":{"line":103,"column":34}},"67":{"start":{"line":104,"column":11},"end":{"line":106,"column":5}},"68":{"start":{"line":105,"column":6},"end":{"line":105,"column":34}},"69":{"start":{"line":109,"column":20},"end":{"line":109,"column":36}},"70":{"start":{"line":111,"column":4},"end":{"line":111,"column":74}},"71":{"start":{"line":111,"column":38},"end":{"line":111,"column":73}},"72":{"start":{"line":112,"column":23},"end":{"line":112,"column":42}},"73":{"start":{"line":114,"column":4},"end":{"line":115,"column":64}},"74":{"start":{"line":115,"column":25},"end":{"line":115,"column":63}},"75":{"start":{"line":116,"column":18},"end":{"line":118,"column":3}},"76":{"start":{"line":117,"column":14},"end":{"line":117,"column":75}},"77":{"start":{"line":119,"column":17},"end":{"line":119,"column":69}},"78":{"start":{"line":119,"column":40},"end":{"line":119,"column":68}},"79":{"start":{"line":120,"column":16},"end":{"line":120,"column":60}},"80":{"start":{"line":120,"column":39},"end":{"line":120,"column":59}},"81":{"start":{"line":121,"column":18},"end":{"line":121,"column":64}},"82":{"start":{"line":121,"column":41},"end":{"line":121,"column":63}},"83":{"start":{"line":122,"column":21},"end":{"line":122,"column":70}},"84":{"start":{"line":122,"column":44},"end":{"line":122,"column":69}},"85":{"start":{"line":123,"column":17},"end":{"line":123,"column":62}},"86":{"start":{"line":123,"column":40},"end":{"line":123,"column":61}},"87":{"start":{"line":125,"column":2},"end":{"line":125,"column":26}},"88":{"start":{"line":126,"column":2},"end":{"line":126,"column":25}},"89":{"start":{"line":127,"column":2},"end":{"line":127,"column":24}},"90":{"start":{"line":128,"column":2},"end":{"line":128,"column":26}},"91":{"start":{"line":129,"column":2},"end":{"line":129,"column":29}},"92":{"start":{"line":130,"column":2},"end":{"line":130,"column":25}},"93":{"start":{"line":132,"column":2},"end":{"line":134,"column":3}},"94":{"start":{"line":133,"column":4},"end":{"line":133,"column":54}},"95":{"start":{"line":136,"column":2},"end":{"line":138,"column":3}},"96":{"start":{"line":137,"column":4},"end":{"line":137,"column":29}},"97":{"start":{"line":140,"column":2},"end":{"line":186,"column":3}},"98":{"start":{"line":141,"column":4},"end":{"line":141,"column":25}},"99":{"start":{"line":142,"column":4},"end":{"line":142,"column":73}},"100":{"start":{"line":143,"column":4},"end":{"line":145,"column":5}},"101":{"start":{"line":144,"column":6},"end":{"line":144,"column":37}},"102":{"start":{"line":146,"column":4},"end":{"line":148,"column":5}},"103":{"start":{"line":147,"column":6},"end":{"line":147,"column":43}},"104":{"start":{"line":149,"column":4},"end":{"line":154,"column":5}},"105":{"start":{"line":150,"column":6},"end":{"line":150,"column":41}},"106":{"start":{"line":151,"column":6},"end":{"line":153,"column":9}},"107":{"start":{"line":152,"column":8},"end":{"line":152,"column":69}},"108":{"start":{"line":155,"column":4},"end":{"line":160,"column":5}},"109":{"start":{"line":156,"column":6},"end":{"line":156,"column":39}},"110":{"start":{"line":157,"column":6},"end":{"line":159,"column":9}},"111":{"start":{"line":158,"column":8},"end":{"line":158,"column":69}},"112":{"start":{"line":161,"column":4},"end":{"line":166,"column":5}},"113":{"start":{"line":162,"column":6},"end":{"line":162,"column":37}},"114":{"start":{"line":163,"column":6},"end":{"line":165,"column":9}},"115":{"start":{"line":164,"column":8},"end":{"line":164,"column":69}},"116":{"start":{"line":167,"column":4},"end":{"line":172,"column":5}},"117":{"start":{"line":168,"column":6},"end":{"line":168,"column":41}},"118":{"start":{"line":169,"column":6},"end":{"line":171,"column":9}},"119":{"start":{"line":170,"column":8},"end":{"line":170,"column":69}},"120":{"start":{"line":173,"column":4},"end":{"line":178,"column":5}},"121":{"start":{"line":174,"column":6},"end":{"line":174,"column":47}},"122":{"start":{"line":175,"column":6},"end":{"line":177,"column":9}},"123":{"start":{"line":176,"column":8},"end":{"line":176,"column":69}},"124":{"start":{"line":179,"column":4},"end":{"line":184,"column":5}},"125":{"start":{"line":180,"column":6},"end":{"line":180,"column":39}},"126":{"start":{"line":181,"column":6},"end":{"line":183,"column":9}},"127":{"start":{"line":182,"column":8},"end":{"line":182,"column":69}},"128":{"start":{"line":185,"column":4},"end":{"line":185,"column":28}},"129":{"start":{"line":188,"column":2},"end":{"line":195,"column":3}},"130":{"start":{"line":189,"column":4},"end":{"line":193,"column":6}},"131":{"start":{"line":194,"column":4},"end":{"line":194,"column":80}},"132":{"start":{"line":197,"column":2},"end":{"line":209,"column":3}},"133":{"start":{"line":198,"column":4},"end":{"line":202,"column":6}},"134":{"start":{"line":203,"column":4},"end":{"line":208,"column":7}},"135":{"start":{"line":211,"column":2},"end":{"line":216,"column":3}},"136":{"start":{"line":212,"column":4},"end":{"line":212,"column":57}},"137":{"start":{"line":213,"column":4},"end":{"line":215,"column":6}},"138":{"start":{"line":214,"column":6},"end":{"line":214,"column":63}},"139":{"start":{"line":218,"column":2},"end":{"line":223,"column":3}},"140":{"start":{"line":219,"column":4},"end":{"line":219,"column":56}},"141":{"start":{"line":220,"column":4},"end":{"line":222,"column":6}},"142":{"start":{"line":221,"column":6},"end":{"line":221,"column":63}},"143":{"start":{"line":225,"column":2},"end":{"line":267,"column":3}},"144":{"start":{"line":226,"column":4},"end":{"line":226,"column":55}},"145":{"start":{"line":227,"column":4},"end":{"line":266,"column":7}},"146":{"start":{"line":228,"column":6},"end":{"line":228,"column":66}},"147":{"start":{"line":229,"column":6},"end":{"line":231,"column":7}},"148":{"start":{"line":230,"column":8},"end":{"line":230,"column":41}},"149":{"start":{"line":232,"column":6},"end":{"line":232,"column":25}},"150":{"start":{"line":233,"column":6},"end":{"line":233,"column":25}},"151":{"start":{"line":234,"column":6},"end":{"line":234,"column":45}},"152":{"start":{"line":235,"column":6},"end":{"line":235,"column":51}},"153":{"start":{"line":236,"column":6},"end":{"line":236,"column":26}},"154":{"start":{"line":237,"column":6},"end":{"line":237,"column":25}},"155":{"start":{"line":238,"column":6},"end":{"line":263,"column":9}},"156":{"start":{"line":239,"column":8},"end":{"line":239,"column":24}},"157":{"start":{"line":240,"column":8},"end":{"line":244,"column":10}},"158":{"start":{"line":245,"column":8},"end":{"line":261,"column":9}},"159":{"start":{"line":246,"column":10},"end":{"line":246,"column":26}},"160":{"start":{"line":247,"column":10},"end":{"line":249,"column":11}},"161":{"start":{"line":248,"column":12},"end":{"line":248,"column":48}},"162":{"start":{"line":250,"column":10},"end":{"line":257,"column":11}},"163":{"start":{"line":251,"column":12},"end":{"line":251,"column":61}},"164":{"start":{"line":252,"column":12},"end":{"line":256,"column":13}},"165":{"start":{"line":253,"column":14},"end":{"line":253,"column":38}},"166":{"start":{"line":254,"column":14},"end":{"line":254,"column":56}},"167":{"start":{"line":255,"column":14},"end":{"line":255,"column":39}},"168":{"start":{"line":258,"column":10},"end":{"line":258,"column":27}},"169":{"start":{"line":260,"column":10},"end":{"line":260,"column":31}},"170":{"start":{"line":262,"column":8},"end":{"line":262,"column":25}},"171":{"start":{"line":264,"column":6},"end":{"line":264,"column":26}},"172":{"start":{"line":265,"column":6},"end":{"line":265,"column":26}},"173":{"start":{"line":269,"column":2},"end":{"line":277,"column":3}},"174":{"start":{"line":270,"column":4},"end":{"line":270,"column":59}},"175":{"start":{"line":271,"column":4},"end":{"line":276,"column":7}},"176":{"start":{"line":272,"column":6},"end":{"line":272,"column":64}},"177":{"start":{"line":273,"column":6},"end":{"line":275,"column":7}},"178":{"start":{"line":274,"column":8},"end":{"line":274,"column":41}},"179":{"start":{"line":279,"column":2},"end":{"line":284,"column":3}},"180":{"start":{"line":280,"column":4},"end":{"line":280,"column":62}},"181":{"start":{"line":281,"column":4},"end":{"line":283,"column":6}},"182":{"start":{"line":282,"column":6},"end":{"line":282,"column":63}},"183":{"start":{"line":286,"column":2},"end":{"line":318,"column":3}},"184":{"start":{"line":287,"column":4},"end":{"line":287,"column":56}},"185":{"start":{"line":288,"column":4},"end":{"line":317,"column":7}},"186":{"start":{"line":289,"column":6},"end":{"line":289,"column":66}},"187":{"start":{"line":290,"column":6},"end":{"line":292,"column":7}},"188":{"start":{"line":291,"column":8},"end":{"line":291,"column":41}},"189":{"start":{"line":293,"column":6},"end":{"line":293,"column":25}},"190":{"start":{"line":294,"column":6},"end":{"line":294,"column":25}},"191":{"start":{"line":295,"column":6},"end":{"line":295,"column":44}},"192":{"start":{"line":296,"column":6},"end":{"line":296,"column":51}},"193":{"start":{"line":297,"column":6},"end":{"line":297,"column":26}},"194":{"start":{"line":298,"column":6},"end":{"line":298,"column":25}},"195":{"start":{"line":299,"column":6},"end":{"line":314,"column":9}},"196":{"start":{"line":300,"column":20},"end":{"line":300,"column":64}},"197":{"start":{"line":300,"column":40},"end":{"line":300,"column":63}},"198":{"start":{"line":301,"column":21},"end":{"line":301,"column":68}},"199":{"start":{"line":302,"column":8},"end":{"line":302,"column":24}},"200":{"start":{"line":303,"column":8},"end":{"line":307,"column":10}},"201":{"start":{"line":308,"column":8},"end":{"line":312,"column":9}},"202":{"start":{"line":309,"column":10},"end":{"line":309,"column":51}},"203":{"start":{"line":311,"column":10},"end":{"line":311,"column":31}},"204":{"start":{"line":313,"column":8},"end":{"line":313,"column":25}},"205":{"start":{"line":315,"column":6},"end":{"line":315,"column":26}},"206":{"start":{"line":316,"column":6},"end":{"line":316,"column":26}},"207":{"start":{"line":320,"column":2},"end":{"line":322,"column":3}},"208":{"start":{"line":321,"column":4},"end":{"line":321,"column":29}},"209":{"start":{"line":325,"column":0},"end":{"line":325,"column":30}}},"fnMap":{"0":{"name":"sortBy","decl":{"start":{"line":2,"column":9},"end":{"line":2,"column":15}},"loc":{"start":{"line":2,"column":31},"end":{"line":10,"column":1}},"line":2},"1":{"name":"(anonymous_1)","decl":{"start":{"line":3,"column":11},"end":{"line":3,"column":12}},"loc":{"start":{"line":3,"column":21},"end":{"line":9,"column":3}},"line":3},"2":{"name":"renderType","decl":{"start":{"line":12,"column":9},"end":{"line":12,"column":19}},"loc":{"start":{"line":12,"column":35},"end":{"line":21,"column":1}},"line":12},"3":{"name":"renderObject","decl":{"start":{"line":23,"column":9},"end":{"line":23,"column":21}},"loc":{"start":{"line":23,"column":37},"end":{"line":77,"column":1}},"line":23},"4":{"name":"(anonymous_4)","decl":{"start":{"line":38,"column":18},"end":{"line":38,"column":19}},"loc":{"start":{"line":38,"column":29},"end":{"line":76,"column":3}},"line":38},"5":{"name":"(anonymous_5)","decl":{"start":{"line":62,"column":25},"end":{"line":62,"column":26}},"loc":{"start":{"line":62,"column":37},"end":{"line":74,"column":7}},"line":62},"6":{"name":"renderSchema","decl":{"start":{"line":79,"column":9},"end":{"line":79,"column":21}},"loc":{"start":{"line":79,"column":39},"end":{"line":323,"column":1}},"line":79},"7":{"name":"(anonymous_7)","decl":{"start":{"line":94,"column":36},"end":{"line":94,"column":37}},"loc":{"start":{"line":94,"column":46},"end":{"line":94,"column":73}},"line":94},"8":{"name":"(anonymous_8)","decl":{"start":{"line":95,"column":38},"end":{"line":95,"column":39}},"loc":{"start":{"line":95,"column":57},"end":{"line":97,"column":3}},"line":95},"9":{"name":"(anonymous_9)","decl":{"start":{"line":98,"column":21},"end":{"line":98,"column":22}},"loc":{"start":{"line":98,"column":31},"end":{"line":107,"column":3}},"line":98},"10":{"name":"(anonymous_10)","decl":{"start":{"line":111,"column":28},"end":{"line":111,"column":29}},"loc":{"start":{"line":111,"column":38},"end":{"line":111,"column":73}},"line":111},"11":{"name":"(anonymous_11)","decl":{"start":{"line":115,"column":15},"end":{"line":115,"column":16}},"loc":{"start":{"line":115,"column":25},"end":{"line":115,"column":63}},"line":115},"12":{"name":"(anonymous_12)","decl":{"start":{"line":117,"column":4},"end":{"line":117,"column":5}},"loc":{"start":{"line":117,"column":14},"end":{"line":117,"column":75}},"line":117},"13":{"name":"(anonymous_13)","decl":{"start":{"line":119,"column":30},"end":{"line":119,"column":31}},"loc":{"start":{"line":119,"column":40},"end":{"line":119,"column":68}},"line":119},"14":{"name":"(anonymous_14)","decl":{"start":{"line":120,"column":29},"end":{"line":120,"column":30}},"loc":{"start":{"line":120,"column":39},"end":{"line":120,"column":59}},"line":120},"15":{"name":"(anonymous_15)","decl":{"start":{"line":121,"column":31},"end":{"line":121,"column":32}},"loc":{"start":{"line":121,"column":41},"end":{"line":121,"column":63}},"line":121},"16":{"name":"(anonymous_16)","decl":{"start":{"line":122,"column":34},"end":{"line":122,"column":35}},"loc":{"start":{"line":122,"column":44},"end":{"line":122,"column":69}},"line":122},"17":{"name":"(anonymous_17)","decl":{"start":{"line":123,"column":30},"end":{"line":123,"column":31}},"loc":{"start":{"line":123,"column":40},"end":{"line":123,"column":61}},"line":123},"18":{"name":"(anonymous_18)","decl":{"start":{"line":151,"column":22},"end":{"line":151,"column":23}},"loc":{"start":{"line":151,"column":32},"end":{"line":153,"column":7}},"line":151},"19":{"name":"(anonymous_19)","decl":{"start":{"line":157,"column":21},"end":{"line":157,"column":22}},"loc":{"start":{"line":157,"column":31},"end":{"line":159,"column":7}},"line":157},"20":{"name":"(anonymous_20)","decl":{"start":{"line":163,"column":20},"end":{"line":163,"column":21}},"loc":{"start":{"line":163,"column":30},"end":{"line":165,"column":7}},"line":163},"21":{"name":"(anonymous_21)","decl":{"start":{"line":169,"column":22},"end":{"line":169,"column":23}},"loc":{"start":{"line":169,"column":32},"end":{"line":171,"column":7}},"line":169},"22":{"name":"(anonymous_22)","decl":{"start":{"line":175,"column":25},"end":{"line":175,"column":26}},"loc":{"start":{"line":175,"column":35},"end":{"line":177,"column":7}},"line":175},"23":{"name":"(anonymous_23)","decl":{"start":{"line":181,"column":21},"end":{"line":181,"column":22}},"loc":{"start":{"line":181,"column":31},"end":{"line":183,"column":7}},"line":181},"24":{"name":"(anonymous_24)","decl":{"start":{"line":213,"column":20},"end":{"line":213,"column":21}},"loc":{"start":{"line":214,"column":6},"end":{"line":214,"column":63}},"line":214},"25":{"name":"(anonymous_25)","decl":{"start":{"line":220,"column":19},"end":{"line":220,"column":20}},"loc":{"start":{"line":221,"column":6},"end":{"line":221,"column":63}},"line":221},"26":{"name":"(anonymous_26)","decl":{"start":{"line":227,"column":18},"end":{"line":227,"column":19}},"loc":{"start":{"line":227,"column":28},"end":{"line":266,"column":5}},"line":227},"27":{"name":"(anonymous_27)","decl":{"start":{"line":238,"column":30},"end":{"line":238,"column":31}},"loc":{"start":{"line":238,"column":41},"end":{"line":263,"column":7}},"line":238},"28":{"name":"(anonymous_28)","decl":{"start":{"line":271,"column":20},"end":{"line":271,"column":21}},"loc":{"start":{"line":271,"column":30},"end":{"line":276,"column":5}},"line":271},"29":{"name":"(anonymous_29)","decl":{"start":{"line":281,"column":23},"end":{"line":281,"column":24}},"loc":{"start":{"line":282,"column":6},"end":{"line":282,"column":63}},"line":282},"30":{"name":"(anonymous_30)","decl":{"start":{"line":288,"column":19},"end":{"line":288,"column":20}},"loc":{"start":{"line":288,"column":29},"end":{"line":317,"column":5}},"line":288},"31":{"name":"(anonymous_31)","decl":{"start":{"line":299,"column":33},"end":{"line":299,"column":34}},"loc":{"start":{"line":299,"column":46},"end":{"line":314,"column":7}},"line":299},"32":{"name":"(anonymous_32)","decl":{"start":{"line":300,"column":33},"end":{"line":300,"column":34}},"loc":{"start":{"line":300,"column":40},"end":{"line":300,"column":63}},"line":300}},"branchMap":{"0":{"loc":{"start":{"line":6,"column":4},"end":{"line":6,"column":34}},"type":"if","locations":[{"start":{"line":6,"column":4},"end":{"line":6,"column":34}},{"start":{},"end":{}}],"line":6},"1":{"loc":{"start":{"line":7,"column":4},"end":{"line":7,"column":35}},"type":"if","locations":[{"start":{"line":7,"column":4},"end":{"line":7,"column":35}},{"start":{},"end":{}}],"line":7},"2":{"loc":{"start":{"line":13,"column":2},"end":{"line":15,"column":3}},"type":"if","locations":[{"start":{"line":13,"column":2},"end":{"line":15,"column":3}},{"start":{},"end":{}}],"line":13},"3":{"loc":{"start":{"line":16,"column":2},"end":{"line":18,"column":3}},"type":"if","locations":[{"start":{"line":16,"column":2},"end":{"line":18,"column":3}},{"start":{},"end":{}}],"line":16},"4":{"loc":{"start":{"line":20,"column":9},"end":{"line":20,"column":62}},"type":"cond-expr","locations":[{"start":{"line":20,"column":15},"end":{"line":20,"column":50}},{"start":{"line":20,"column":53},"end":{"line":20,"column":62}}],"line":20},"5":{"loc":{"start":{"line":24,"column":12},"end":{"line":24,"column":25}},"type":"binary-expr","locations":[{"start":{"line":24,"column":12},"end":{"line":24,"column":19}},{"start":{"line":24,"column":23},"end":{"line":24,"column":25}}],"line":24},"6":{"loc":{"start":{"line":26,"column":18},"end":{"line":26,"column":48}},"type":"binary-expr","locations":[{"start":{"line":26,"column":18},"end":{"line":26,"column":33}},{"start":{"line":26,"column":37},"end":{"line":26,"column":48}}],"line":26},"7":{"loc":{"start":{"line":27,"column":23},"end":{"line":27,"column":48}},"type":"binary-expr","locations":[{"start":{"line":27,"column":23},"end":{"line":27,"column":43}},{"start":{"line":27,"column":47},"end":{"line":27,"column":48}}],"line":27},"8":{"loc":{"start":{"line":31,"column":2},"end":{"line":33,"column":3}},"type":"if","locations":[{"start":{"line":31,"column":2},"end":{"line":33,"column":3}},{"start":{},"end":{}}],"line":31},"9":{"loc":{"start":{"line":34,"column":2},"end":{"line":36,"column":3}},"type":"if","locations":[{"start":{"line":34,"column":2},"end":{"line":36,"column":3}},{"start":{},"end":{}}],"line":34},"10":{"loc":{"start":{"line":37,"column":18},"end":{"line":37,"column":64}},"type":"cond-expr","locations":[{"start":{"line":37,"column":34},"end":{"line":37,"column":50}},{"start":{"line":37,"column":53},"end":{"line":37,"column":64}}],"line":37},"11":{"loc":{"start":{"line":39,"column":12},"end":{"line":39,"column":64}},"type":"cond-expr","locations":[{"start":{"line":39,"column":54},"end":{"line":39,"column":59}},{"start":{"line":39,"column":62},"end":{"line":39,"column":64}}],"line":39},"12":{"loc":{"start":{"line":42,"column":4},"end":{"line":54,"column":5}},"type":"if","locations":[{"start":{"line":42,"column":4},"end":{"line":54,"column":5}},{"start":{},"end":{}}],"line":42},"13":{"loc":{"start":{"line":42,"column":8},"end":{"line":42,"column":47}},"type":"binary-expr","locations":[{"start":{"line":42,"column":8},"end":{"line":42,"column":25}},{"start":{"line":42,"column":29},"end":{"line":42,"column":47}}],"line":42},"14":{"loc":{"start":{"line":43,"column":6},"end":{"line":45,"column":7}},"type":"if","locations":[{"start":{"line":43,"column":6},"end":{"line":45,"column":7}},{"start":{},"end":{}}],"line":43},"15":{"loc":{"start":{"line":46,"column":6},"end":{"line":53,"column":7}},"type":"if","locations":[{"start":{"line":46,"column":6},"end":{"line":53,"column":7}},{"start":{},"end":{}}],"line":46},"16":{"loc":{"start":{"line":48,"column":8},"end":{"line":52,"column":9}},"type":"if","locations":[{"start":{"line":48,"column":8},"end":{"line":52,"column":9}},{"start":{},"end":{}}],"line":48},"17":{"loc":{"start":{"line":55,"column":4},"end":{"line":75,"column":5}},"type":"if","locations":[{"start":{"line":55,"column":4},"end":{"line":75,"column":5}},{"start":{},"end":{}}],"line":55},"18":{"loc":{"start":{"line":55,"column":8},"end":{"line":55,"column":43}},"type":"binary-expr","locations":[{"start":{"line":55,"column":8},"end":{"line":55,"column":22}},{"start":{"line":55,"column":26},"end":{"line":55,"column":43}}],"line":55},"19":{"loc":{"start":{"line":64,"column":10},"end":{"line":71,"column":23}},"type":"cond-expr","locations":[{"start":{"line":70,"column":14},"end":{"line":70,"column":29}},{"start":{"line":71,"column":14},"end":{"line":71,"column":23}}],"line":64},"20":{"loc":{"start":{"line":80,"column":12},"end":{"line":80,"column":25}},"type":"binary-expr","locations":[{"start":{"line":80,"column":12},"end":{"line":80,"column":19}},{"start":{"line":80,"column":23},"end":{"line":80,"column":25}}],"line":80},"21":{"loc":{"start":{"line":81,"column":16},"end":{"line":81,"column":47}},"type":"binary-expr","locations":[{"start":{"line":81,"column":16},"end":{"line":81,"column":29}},{"start":{"line":81,"column":33},"end":{"line":81,"column":47}}],"line":81},"22":{"loc":{"start":{"line":82,"column":20},"end":{"line":82,"column":46}},"type":"binary-expr","locations":[{"start":{"line":82,"column":20},"end":{"line":82,"column":37}},{"start":{"line":82,"column":41},"end":{"line":82,"column":46}}],"line":82},"23":{"loc":{"start":{"line":83,"column":30},"end":{"line":83,"column":66}},"type":"binary-expr","locations":[{"start":{"line":83,"column":30},"end":{"line":83,"column":57}},{"start":{"line":83,"column":61},"end":{"line":83,"column":66}}],"line":83},"24":{"loc":{"start":{"line":84,"column":19},"end":{"line":84,"column":41}},"type":"binary-expr","locations":[{"start":{"line":84,"column":19},"end":{"line":84,"column":35}},{"start":{"line":84,"column":39},"end":{"line":84,"column":41}}],"line":84},"25":{"loc":{"start":{"line":85,"column":19},"end":{"line":85,"column":41}},"type":"binary-expr","locations":[{"start":{"line":85,"column":19},"end":{"line":85,"column":35}},{"start":{"line":85,"column":39},"end":{"line":85,"column":41}}],"line":85},"26":{"loc":{"start":{"line":86,"column":18},"end":{"line":86,"column":48}},"type":"binary-expr","locations":[{"start":{"line":86,"column":18},"end":{"line":86,"column":33}},{"start":{"line":86,"column":37},"end":{"line":86,"column":48}}],"line":86},"27":{"loc":{"start":{"line":87,"column":23},"end":{"line":87,"column":48}},"type":"binary-expr","locations":[{"start":{"line":87,"column":23},"end":{"line":87,"column":43}},{"start":{"line":87,"column":47},"end":{"line":87,"column":48}}],"line":87},"28":{"loc":{"start":{"line":90,"column":2},"end":{"line":92,"column":3}},"type":"if","locations":[{"start":{"line":90,"column":2},"end":{"line":92,"column":3}},{"start":{},"end":{}}],"line":90},"29":{"loc":{"start":{"line":100,"column":4},"end":{"line":106,"column":5}},"type":"if","locations":[{"start":{"line":100,"column":4},"end":{"line":106,"column":5}},{"start":{"line":102,"column":11},"end":{"line":106,"column":5}}],"line":100},"30":{"loc":{"start":{"line":102,"column":11},"end":{"line":106,"column":5}},"type":"if","locations":[{"start":{"line":102,"column":11},"end":{"line":106,"column":5}},{"start":{"line":104,"column":11},"end":{"line":106,"column":5}}],"line":102},"31":{"loc":{"start":{"line":104,"column":11},"end":{"line":106,"column":5}},"type":"if","locations":[{"start":{"line":104,"column":11},"end":{"line":106,"column":5}},{"start":{},"end":{}}],"line":104},"32":{"loc":{"start":{"line":111,"column":4},"end":{"line":111,"column":74}},"type":"binary-expr","locations":[{"start":{"line":111,"column":4},"end":{"line":111,"column":13}},{"start":{"line":111,"column":17},"end":{"line":111,"column":74}}],"line":111},"33":{"loc":{"start":{"line":114,"column":4},"end":{"line":115,"column":64}},"type":"binary-expr","locations":[{"start":{"line":114,"column":4},"end":{"line":114,"column":16}},{"start":{"line":115,"column":4},"end":{"line":115,"column":64}}],"line":114},"34":{"loc":{"start":{"line":117,"column":14},"end":{"line":117,"column":75}},"type":"binary-expr","locations":[{"start":{"line":117,"column":14},"end":{"line":117,"column":36}},{"start":{"line":117,"column":40},"end":{"line":117,"column":54}},{"start":{"line":117,"column":58},"end":{"line":117,"column":75}}],"line":117},"35":{"loc":{"start":{"line":132,"column":2},"end":{"line":134,"column":3}},"type":"if","locations":[{"start":{"line":132,"column":2},"end":{"line":134,"column":3}},{"start":{},"end":{}}],"line":132},"36":{"loc":{"start":{"line":136,"column":2},"end":{"line":138,"column":3}},"type":"if","locations":[{"start":{"line":136,"column":2},"end":{"line":138,"column":3}},{"start":{},"end":{}}],"line":136},"37":{"loc":{"start":{"line":140,"column":2},"end":{"line":186,"column":3}},"type":"if","locations":[{"start":{"line":140,"column":2},"end":{"line":186,"column":3}},{"start":{},"end":{}}],"line":140},"38":{"loc":{"start":{"line":143,"column":4},"end":{"line":145,"column":5}},"type":"if","locations":[{"start":{"line":143,"column":4},"end":{"line":145,"column":5}},{"start":{},"end":{}}],"line":143},"39":{"loc":{"start":{"line":146,"column":4},"end":{"line":148,"column":5}},"type":"if","locations":[{"start":{"line":146,"column":4},"end":{"line":148,"column":5}},{"start":{},"end":{}}],"line":146},"40":{"loc":{"start":{"line":149,"column":4},"end":{"line":154,"column":5}},"type":"if","locations":[{"start":{"line":149,"column":4},"end":{"line":154,"column":5}},{"start":{},"end":{}}],"line":149},"41":{"loc":{"start":{"line":155,"column":4},"end":{"line":160,"column":5}},"type":"if","locations":[{"start":{"line":155,"column":4},"end":{"line":160,"column":5}},{"start":{},"end":{}}],"line":155},"42":{"loc":{"start":{"line":161,"column":4},"end":{"line":166,"column":5}},"type":"if","locations":[{"start":{"line":161,"column":4},"end":{"line":166,"column":5}},{"start":{},"end":{}}],"line":161},"43":{"loc":{"start":{"line":167,"column":4},"end":{"line":172,"column":5}},"type":"if","locations":[{"start":{"line":167,"column":4},"end":{"line":172,"column":5}},{"start":{},"end":{}}],"line":167},"44":{"loc":{"start":{"line":173,"column":4},"end":{"line":178,"column":5}},"type":"if","locations":[{"start":{"line":173,"column":4},"end":{"line":178,"column":5}},{"start":{},"end":{}}],"line":173},"45":{"loc":{"start":{"line":179,"column":4},"end":{"line":184,"column":5}},"type":"if","locations":[{"start":{"line":179,"column":4},"end":{"line":184,"column":5}},{"start":{},"end":{}}],"line":179},"46":{"loc":{"start":{"line":188,"column":2},"end":{"line":195,"column":3}},"type":"if","locations":[{"start":{"line":188,"column":2},"end":{"line":195,"column":3}},{"start":{},"end":{}}],"line":188},"47":{"loc":{"start":{"line":191,"column":8},"end":{"line":191,"column":61}},"type":"cond-expr","locations":[{"start":{"line":191,"column":33},"end":{"line":191,"column":35}},{"start":{"line":191,"column":38},"end":{"line":191,"column":61}}],"line":191},"48":{"loc":{"start":{"line":197,"column":2},"end":{"line":209,"column":3}},"type":"if","locations":[{"start":{"line":197,"column":2},"end":{"line":209,"column":3}},{"start":{},"end":{}}],"line":197},"49":{"loc":{"start":{"line":200,"column":8},"end":{"line":200,"column":70}},"type":"cond-expr","locations":[{"start":{"line":200,"column":39},"end":{"line":200,"column":41}},{"start":{"line":200,"column":44},"end":{"line":200,"column":70}}],"line":200},"50":{"loc":{"start":{"line":211,"column":2},"end":{"line":216,"column":3}},"type":"if","locations":[{"start":{"line":211,"column":2},"end":{"line":216,"column":3}},{"start":{},"end":{}}],"line":211},"51":{"loc":{"start":{"line":218,"column":2},"end":{"line":223,"column":3}},"type":"if","locations":[{"start":{"line":218,"column":2},"end":{"line":223,"column":3}},{"start":{},"end":{}}],"line":218},"52":{"loc":{"start":{"line":225,"column":2},"end":{"line":267,"column":3}},"type":"if","locations":[{"start":{"line":225,"column":2},"end":{"line":267,"column":3}},{"start":{},"end":{}}],"line":225},"53":{"loc":{"start":{"line":229,"column":6},"end":{"line":231,"column":7}},"type":"if","locations":[{"start":{"line":229,"column":6},"end":{"line":231,"column":7}},{"start":{},"end":{}}],"line":229},"54":{"loc":{"start":{"line":242,"column":12},"end":{"line":242,"column":43}},"type":"cond-expr","locations":[{"start":{"line":242,"column":33},"end":{"line":242,"column":38}},{"start":{"line":242,"column":41},"end":{"line":242,"column":43}}],"line":242},"55":{"loc":{"start":{"line":245,"column":8},"end":{"line":261,"column":9}},"type":"if","locations":[{"start":{"line":245,"column":8},"end":{"line":261,"column":9}},{"start":{"line":259,"column":15},"end":{"line":261,"column":9}}],"line":245},"56":{"loc":{"start":{"line":245,"column":12},"end":{"line":245,"column":51}},"type":"binary-expr","locations":[{"start":{"line":245,"column":12},"end":{"line":245,"column":29}},{"start":{"line":245,"column":33},"end":{"line":245,"column":51}}],"line":245},"57":{"loc":{"start":{"line":247,"column":10},"end":{"line":249,"column":11}},"type":"if","locations":[{"start":{"line":247,"column":10},"end":{"line":249,"column":11}},{"start":{},"end":{}}],"line":247},"58":{"loc":{"start":{"line":250,"column":10},"end":{"line":257,"column":11}},"type":"if","locations":[{"start":{"line":250,"column":10},"end":{"line":257,"column":11}},{"start":{},"end":{}}],"line":250},"59":{"loc":{"start":{"line":252,"column":12},"end":{"line":256,"column":13}},"type":"if","locations":[{"start":{"line":252,"column":12},"end":{"line":256,"column":13}},{"start":{},"end":{}}],"line":252},"60":{"loc":{"start":{"line":269,"column":2},"end":{"line":277,"column":3}},"type":"if","locations":[{"start":{"line":269,"column":2},"end":{"line":277,"column":3}},{"start":{},"end":{}}],"line":269},"61":{"loc":{"start":{"line":273,"column":6},"end":{"line":275,"column":7}},"type":"if","locations":[{"start":{"line":273,"column":6},"end":{"line":275,"column":7}},{"start":{},"end":{}}],"line":273},"62":{"loc":{"start":{"line":279,"column":2},"end":{"line":284,"column":3}},"type":"if","locations":[{"start":{"line":279,"column":2},"end":{"line":284,"column":3}},{"start":{},"end":{}}],"line":279},"63":{"loc":{"start":{"line":286,"column":2},"end":{"line":318,"column":3}},"type":"if","locations":[{"start":{"line":286,"column":2},"end":{"line":318,"column":3}},{"start":{},"end":{}}],"line":286},"64":{"loc":{"start":{"line":290,"column":6},"end":{"line":292,"column":7}},"type":"if","locations":[{"start":{"line":290,"column":6},"end":{"line":292,"column":7}},{"start":{},"end":{}}],"line":290},"65":{"loc":{"start":{"line":301,"column":21},"end":{"line":301,"column":68}},"type":"binary-expr","locations":[{"start":{"line":301,"column":21},"end":{"line":301,"column":40}},{"start":{"line":301,"column":45},"end":{"line":301,"column":48}},{"start":{"line":301,"column":52},"end":{"line":301,"column":67}}],"line":301},"66":{"loc":{"start":{"line":308,"column":8},"end":{"line":312,"column":9}},"type":"if","locations":[{"start":{"line":308,"column":8},"end":{"line":312,"column":9}},{"start":{"line":310,"column":15},"end":{"line":312,"column":9}}],"line":308},"67":{"loc":{"start":{"line":320,"column":2},"end":{"line":322,"column":3}},"type":"if","locations":[{"start":{"line":320,"column":2},"end":{"line":322,"column":3}},{"start":{},"end":{}}],"line":320}},"s":{"0":42,"1":958,"2":958,"3":958,"4":540,"5":418,"6":418,"7":0,"8":2836,"9":318,"10":2518,"11":232,"12":2286,"13":2286,"14":199,"15":199,"16":199,"17":199,"18":199,"19":199,"20":199,"21":191,"22":199,"23":190,"24":199,"25":199,"26":1296,"27":1296,"28":1296,"29":1296,"30":1267,"31":1267,"32":1267,"33":9,"34":9,"35":9,"36":9,"37":9,"38":1296,"39":320,"40":320,"41":320,"42":320,"43":320,"44":988,"45":988,"46":7,"47":7,"48":7,"49":7,"50":7,"51":7,"52":7,"53":7,"54":7,"55":7,"56":7,"57":7,"58":320,"59":7,"60":320,"61":7,"62":2286,"63":2286,"64":2272,"65":14,"66":0,"67":14,"68":0,"69":7,"70":7,"71":20,"72":7,"73":7,"74":12,"75":7,"76":272,"77":7,"78":272,"79":7,"80":272,"81":7,"82":272,"83":7,"84":272,"85":7,"86":272,"87":7,"88":7,"89":7,"90":7,"91":7,"92":7,"93":7,"94":7,"95":7,"96":0,"97":7,"98":6,"99":6,"100":6,"101":5,"102":6,"103":1,"104":6,"105":6,"106":6,"107":182,"108":6,"109":1,"110":1,"111":1,"112":6,"113":4,"114":4,"115":8,"116":6,"117":5,"118":5,"119":61,"120":6,"121":3,"122":3,"123":6,"124":6,"125":1,"126":1,"127":1,"128":6,"129":7,"130":6,"131":6,"132":7,"133":2,"134":2,"135":7,"136":7,"137":7,"138":183,"139":7,"140":2,"141":2,"142":2,"143":7,"144":4,"145":4,"146":8,"147":8,"148":8,"149":8,"150":8,"151":8,"152":8,"153":8,"154":8,"155":8,"156":66,"157":66,"158":66,"159":66,"160":66,"161":66,"162":66,"163":0,"164":0,"165":0,"166":0,"167":0,"168":66,"169":0,"170":66,"171":8,"172":8,"173":7,"174":6,"175":6,"176":64,"177":64,"178":64,"179":7,"180":3,"181":3,"182":6,"183":7,"184":1,"185":1,"186":1,"187":1,"188":1,"189":1,"190":1,"191":1,"192":1,"193":1,"194":1,"195":1,"196":2,"197":3,"198":2,"199":2,"200":2,"201":2,"202":2,"203":0,"204":2,"205":1,"206":1,"207":7,"208":0,"209":1},"f":{"0":42,"1":958,"2":2836,"3":199,"4":1296,"5":988,"6":7,"7":320,"8":320,"9":2286,"10":20,"11":12,"12":272,"13":272,"14":272,"15":272,"16":272,"17":272,"18":182,"19":1,"20":8,"21":61,"22":6,"23":1,"24":183,"25":2,"26":8,"27":66,"28":64,"29":6,"30":1,"31":2,"32":3},"b":{"0":[540,418],"1":[418,0],"2":[318,2518],"3":[232,2286],"4":[2272,14],"5":[199,0],"6":[199,0],"7":[199,0],"8":[191,8],"9":[190,9],"10":[2,197],"11":[1296,0],"12":[1267,29],"13":[1296,29],"14":[1267,0],"15":[9,1258],"16":[9,0],"17":[320,976],"18":[1296,1292],"19":[988,0],"20":[7,0],"21":[7,7],"22":[7,7],"23":[7,6],"24":[7,7],"25":[7,7],"26":[7,0],"27":[7,7],"28":[7,0],"29":[2272,14],"30":[0,14],"31":[0,14],"32":[7,6],"33":[7,2],"34":[272,191,185],"35":[7,0],"36":[0,7],"37":[6,1],"38":[5,1],"39":[1,5],"40":[6,0],"41":[1,5],"42":[4,2],"43":[5,1],"44":[3,3],"45":[1,5],"46":[6,1],"47":[6,0],"48":[2,5],"49":[2,0],"50":[7,0],"51":[2,5],"52":[4,3],"53":[8,0],"54":[0,66],"55":[66,0],"56":[66,0],"57":[66,0],"58":[0,66],"59":[0,0],"60":[6,1],"61":[64,0],"62":[3,4],"63":[1,6],"64":[1,0],"65":[2,2,2],"66":[2,0],"67":[0,7]},"_coverageSchema":"1a1c01bbd47fc00a2c39e90264f33305004495a9","hash":"23b4f8ec59d8b847382f831d94764c5dc79430ea"}
,"/Users/wictorz/Work/graphql-markdown/src/updateSchema.js": {"path":"/Users/wictorz/Work/graphql-markdown/src/updateSchema.js","statementMap":{"0":{"start":{"line":1,"column":11},"end":{"line":1,"column":24}},"1":{"start":{"line":2,"column":21},"end":{"line":2,"column":46}},"2":{"start":{"line":5,"column":25},"end":{"line":5,"column":57}},"3":{"start":{"line":6,"column":22},"end":{"line":6,"column":78}},"4":{"start":{"line":7,"column":20},"end":{"line":7,"column":72}},"5":{"start":{"line":8,"column":19},"end":{"line":8,"column":43}},"6":{"start":{"line":9,"column":17},"end":{"line":9,"column":43}},"7":{"start":{"line":10,"column":2},"end":{"line":23,"column":3}},"8":{"start":{"line":11,"column":4},"end":{"line":15,"column":5}},"9":{"start":{"line":12,"column":6},"end":{"line":12,"column":38}},"10":{"start":{"line":14,"column":6},"end":{"line":14,"column":34}},"11":{"start":{"line":16,"column":4},"end":{"line":16,"column":70}},"12":{"start":{"line":17,"column":9},"end":{"line":23,"column":3}},"13":{"start":{"line":18,"column":4},"end":{"line":18,"column":61}},"14":{"start":{"line":19,"column":9},"end":{"line":23,"column":3}},"15":{"start":{"line":20,"column":4},"end":{"line":20,"column":57}},"16":{"start":{"line":22,"column":4},"end":{"line":22,"column":60}},"17":{"start":{"line":27,"column":2},"end":{"line":57,"column":4}},"18":{"start":{"line":28,"column":4},"end":{"line":56,"column":6}},"19":{"start":{"line":29,"column":6},"end":{"line":35,"column":7}},"20":{"start":{"line":30,"column":8},"end":{"line":34,"column":9}},"21":{"start":{"line":31,"column":10},"end":{"line":31,"column":18}},"22":{"start":{"line":33,"column":10},"end":{"line":33,"column":28}},"23":{"start":{"line":36,"column":23},"end":{"line":36,"column":25}},"24":{"start":{"line":37,"column":22},"end":{"line":39,"column":7}},"25":{"start":{"line":38,"column":8},"end":{"line":38,"column":33}},"26":{"start":{"line":40,"column":6},"end":{"line":40,"column":67}},"27":{"start":{"line":41,"column":6},"end":{"line":43,"column":7}},"28":{"start":{"line":42,"column":8},"end":{"line":42,"column":80}},"29":{"start":{"line":44,"column":19},"end":{"line":44,"column":22}},"30":{"start":{"line":45,"column":6},"end":{"line":49,"column":7}},"31":{"start":{"line":46,"column":8},"end":{"line":46,"column":59}},"32":{"start":{"line":48,"column":8},"end":{"line":48,"column":26}},"33":{"start":{"line":50,"column":6},"end":{"line":55,"column":8}},"34":{"start":{"line":51,"column":8},"end":{"line":53,"column":9}},"35":{"start":{"line":52,"column":10},"end":{"line":52,"column":28}},"36":{"start":{"line":54,"column":8},"end":{"line":54,"column":17}},"37":{"start":{"line":60,"column":0},"end":{"line":60,"column":29}}},"fnMap":{"0":{"name":"updateMarkdown","decl":{"start":{"line":4,"column":9},"end":{"line":4,"column":23}},"loc":{"start":{"line":4,"column":55},"end":{"line":24,"column":1}},"line":4},"1":{"name":"updateSchema","decl":{"start":{"line":26,"column":9},"end":{"line":26,"column":21}},"loc":{"start":{"line":26,"column":45},"end":{"line":58,"column":1}},"line":26},"2":{"name":"(anonymous_2)","decl":{"start":{"line":27,"column":21},"end":{"line":27,"column":22}},"loc":{"start":{"line":27,"column":42},"end":{"line":57,"column":3}},"line":27},"3":{"name":"(anonymous_3)","decl":{"start":{"line":28,"column":30},"end":{"line":28,"column":31}},"loc":{"start":{"line":28,"column":44},"end":{"line":56,"column":5}},"line":28},"4":{"name":"(anonymous_4)","decl":{"start":{"line":37,"column":22},"end":{"line":37,"column":23}},"loc":{"start":{"line":37,"column":32},"end":{"line":39,"column":7}},"line":37},"5":{"name":"(anonymous_5)","decl":{"start":{"line":50,"column":41},"end":{"line":50,"column":42}},"loc":{"start":{"line":50,"column":50},"end":{"line":55,"column":7}},"line":50}},"branchMap":{"0":{"loc":{"start":{"line":4,"column":41},"end":{"line":4,"column":53}},"type":"default-arg","locations":[{"start":{"line":4,"column":51},"end":{"line":4,"column":53}}],"line":4},"1":{"loc":{"start":{"line":6,"column":22},"end":{"line":6,"column":78}},"type":"binary-expr","locations":[{"start":{"line":6,"column":22},"end":{"line":6,"column":41}},{"start":{"line":6,"column":45},"end":{"line":6,"column":78}}],"line":6},"2":{"loc":{"start":{"line":7,"column":20},"end":{"line":7,"column":72}},"type":"binary-expr","locations":[{"start":{"line":7,"column":20},"end":{"line":7,"column":37}},{"start":{"line":7,"column":41},"end":{"line":7,"column":72}}],"line":7},"3":{"loc":{"start":{"line":10,"column":2},"end":{"line":23,"column":3}},"type":"if","locations":[{"start":{"line":10,"column":2},"end":{"line":23,"column":3}},{"start":{"line":17,"column":9},"end":{"line":23,"column":3}}],"line":10},"4":{"loc":{"start":{"line":10,"column":6},"end":{"line":10,"column":67}},"type":"binary-expr","locations":[{"start":{"line":10,"column":6},"end":{"line":10,"column":23}},{"start":{"line":10,"column":27},"end":{"line":10,"column":42}},{"start":{"line":10,"column":46},"end":{"line":10,"column":67}}],"line":10},"5":{"loc":{"start":{"line":11,"column":4},"end":{"line":15,"column":5}},"type":"if","locations":[{"start":{"line":11,"column":4},"end":{"line":15,"column":5}},{"start":{"line":13,"column":11},"end":{"line":15,"column":5}}],"line":11},"6":{"loc":{"start":{"line":17,"column":9},"end":{"line":23,"column":3}},"type":"if","locations":[{"start":{"line":17,"column":9},"end":{"line":23,"column":3}},{"start":{"line":19,"column":9},"end":{"line":23,"column":3}}],"line":17},"7":{"loc":{"start":{"line":19,"column":9},"end":{"line":23,"column":3}},"type":"if","locations":[{"start":{"line":19,"column":9},"end":{"line":23,"column":3}},{"start":{"line":21,"column":9},"end":{"line":23,"column":3}}],"line":19},"8":{"loc":{"start":{"line":29,"column":6},"end":{"line":35,"column":7}},"type":"if","locations":[{"start":{"line":29,"column":6},"end":{"line":35,"column":7}},{"start":{},"end":{}}],"line":29},"9":{"loc":{"start":{"line":30,"column":8},"end":{"line":34,"column":9}},"type":"if","locations":[{"start":{"line":30,"column":8},"end":{"line":34,"column":9}},{"start":{"line":32,"column":15},"end":{"line":34,"column":9}}],"line":30},"10":{"loc":{"start":{"line":41,"column":6},"end":{"line":43,"column":7}},"type":"if","locations":[{"start":{"line":41,"column":6},"end":{"line":43,"column":7}},{"start":{},"end":{}}],"line":41},"11":{"loc":{"start":{"line":51,"column":8},"end":{"line":53,"column":9}},"type":"if","locations":[{"start":{"line":51,"column":8},"end":{"line":53,"column":9}},{"start":{},"end":{}}],"line":51}},"s":{"0":1,"1":1,"2":2,"3":2,"4":2,"5":2,"6":2,"7":2,"8":2,"9":2,"10":0,"11":2,"12":0,"13":0,"14":0,"15":0,"16":0,"17":2,"18":2,"19":2,"20":1,"21":1,"22":0,"23":2,"24":2,"25":6326,"26":2,"27":2,"28":1,"29":2,"30":2,"31":2,"32":0,"33":2,"34":2,"35":0,"36":2,"37":1},"f":{"0":2,"1":2,"2":2,"3":2,"4":6326,"5":2},"b":{"0":[2],"1":[2,2],"2":[2,2],"3":[2,0],"4":[2,2,2],"5":[2,0],"6":[0,0],"7":[0,0],"8":[1,1],"9":[1,0],"10":[1,1],"11":[0,2]},"_coverageSchema":"1a1c01bbd47fc00a2c39e90264f33305004495a9","hash":"1fd765b287b84e46f31552543b2702fefd02b96b"}
}
