TN:
SF:src/diffSchema.js
FN:4,toNamedObject
FN:4,(anonymous_1)
FN:8,(anonymous_2)
FN:14,toNamedArray
FN:14,(anonymous_4)
FN:18,(anonymous_5)
FN:23,toDiffableSchema
FN:24,(anonymous_7)
FN:48,fromDiffableSchema
FN:49,(anonymous_9)
FN:73,diffSchema
FN:77,(anonymous_11)
FN:83,(anonymous_12)
FN:90,(anonymous_13)
FN:95,(anonymous_14)
FNF:15
FNH:15
FNDA:148,toNamedObject
FNDA:1010,(anonymous_1)
FNDA:1190,(anonymous_2)
FNDA:8,toNamedArray
FNDA:22,(anonymous_4)
FNDA:28,(anonymous_5)
FNDA:2,toDiffableSchema
FNDA:180,(anonymous_7)
FNDA:1,fromDiffableSchema
FNDA:6,(anonymous_9)
FNDA:1,diffSchema
FNDA:6,(anonymous_11)
FNDA:6,(anonymous_12)
FNDA:19,(anonymous_13)
FNDA:3,(anonymous_14)
DA:2,1
DA:4,1010
DA:5,148
DA:6,0
DA:8,148
DA:9,1190
DA:10,1190
DA:14,22
DA:15,8
DA:16,1
DA:18,7
DA:19,28
DA:24,2
DA:25,180
DA:26,135
DA:30,180
DA:31,9
DA:35,180
DA:38,2
DA:40,2
DA:49,1
DA:50,6
DA:51,5
DA:55,6
DA:56,1
DA:60,6
DA:63,1
DA:65,1
DA:74,1
DA:75,1
DA:76,1
DA:77,1
DA:78,6
DA:79,6
DA:81,1
DA:82,1
DA:83,1
DA:84,6
DA:85,0
DA:87,6
DA:88,6
DA:89,5
DA:90,19
DA:92,6
DA:93,1
DA:94,1
DA:95,3
DA:98,6
DA:100,1
DA:103,1
LF:50
LH:48
BRDA:4,0,0,146
BRDA:5,1,0,0
BRDA:5,1,1,148
BRDA:14,2,0,7
BRDA:15,3,0,1
BRDA:15,3,1,7
BRDA:25,4,0,135
BRDA:25,4,1,45
BRDA:30,5,0,9
BRDA:30,5,1,171
BRDA:50,6,0,5
BRDA:50,6,1,1
BRDA:55,7,0,1
BRDA:55,7,1,5
BRDA:73,8,0,1
BRDA:84,9,0,0
BRDA:84,9,1,6
BRDA:88,10,0,5
BRDA:88,10,1,1
BRDA:92,11,0,1
BRDA:92,11,1,5
BRF:21
BRH:19
end_of_record
TN:
SF:src/index.js
FN:10,safeExit
FN:11,(anonymous_1)
FN:16,printHelp
FN:49,run
FN:69,(anonymous_4)
FN:75,(anonymous_5)
FN:88,(anonymous_6)
FN:99,(anonymous_7)
FN:104,(anonymous_8)
FNF:9
FNH:2
FNDA:0,safeExit
FNDA:0,(anonymous_1)
FNDA:2,printHelp
FNDA:2,run
FNDA:0,(anonymous_4)
FNDA:0,(anonymous_5)
FNDA:0,(anonymous_6)
FNDA:0,(anonymous_7)
FNDA:0,(anonymous_8)
DA:3,1
DA:4,1
DA:5,1
DA:6,1
DA:7,1
DA:8,1
DA:11,0
DA:12,0
DA:17,2
DA:18,2
DA:53,2
DA:55,2
DA:56,1
DA:57,1
DA:58,0
DA:59,1
DA:60,0
DA:61,0
DA:62,0
DA:63,0
DA:65,0
DA:68,0
DA:69,0
DA:70,0
DA:71,0
DA:72,0
DA:74,0
DA:75,0
DA:76,0
DA:84,0
DA:85,0
DA:86,0
DA:87,0
DA:88,0
DA:89,0
DA:90,0
DA:91,0
DA:92,0
DA:96,0
DA:97,0
DA:98,0
DA:100,0
DA:101,0
DA:105,0
DA:106,0
DA:107,0
DA:111,0
DA:112,0
DA:113,0
DA:118,1
DA:119,1
DA:120,0
DA:125,1
DA:134,1
DA:135,0
LF:55
LH:17
BRDA:50,0,0,0
BRDA:51,1,0,0
BRDA:51,2,0,0
BRDA:51,3,0,0
BRDA:55,4,0,1
BRDA:55,4,1,1
BRDA:57,5,0,0
BRDA:57,5,1,1
BRDA:59,6,0,0
BRDA:59,6,1,1
BRDA:60,7,0,0
BRDA:60,7,1,0
BRDA:62,8,0,0
BRDA:62,8,1,0
BRDA:69,9,0,0
BRDA:69,9,1,0
BRDA:84,10,0,0
BRDA:84,10,1,0
BRDA:87,11,0,0
BRDA:87,11,1,0
BRDA:89,12,0,0
BRDA:89,12,1,0
BRDA:91,13,0,0
BRDA:91,13,1,0
BRDA:97,14,0,0
BRDA:97,14,1,0
BRDA:100,15,0,0
BRDA:100,15,1,0
BRDA:106,16,0,0
BRDA:106,16,1,0
BRDA:112,17,0,0
BRDA:112,17,1,0
BRDA:119,18,0,0
BRDA:119,18,1,1
BRDA:134,19,0,0
BRDA:134,19,1,1
BRF:36
BRH:6
end_of_record
TN:
SF:src/loadSchemaJSON.js
FN:10,readFile
FN:11,(anonymous_1)
FN:12,(anonymous_2)
FN:18,schemaToJSON
FN:22,(anonymous_4)
FN:27,fetchSchemaJSON
FN:39,(anonymous_6)
FN:40,(anonymous_7)
FN:43,parseSchemaGraphQL
FN:46,(anonymous_9)
FN:49,requireSchema
FN:93,loadSchemaJSON
FNF:12
FNH:12
FNDA:4,readFile
FNDA:4,(anonymous_1)
FNDA:4,(anonymous_2)
FNDA:8,schemaToJSON
FNDA:8,(anonymous_4)
FNDA:1,fetchSchemaJSON
FNDA:1,(anonymous_6)
FNDA:1,(anonymous_7)
FNDA:4,parseSchemaGraphQL
FNDA:4,(anonymous_9)
FNDA:4,requireSchema
FNDA:9,loadSchemaJSON
DA:2,1
DA:3,1
DA:4,1
DA:5,1
DA:6,1
DA:8,1
DA:11,4
DA:12,4
DA:13,4
DA:19,8
DA:20,8
DA:21,8
DA:22,8
DA:23,8
DA:28,1
DA:29,1
DA:30,1
DA:39,1
DA:40,1
DA:44,4
DA:45,4
DA:46,4
DA:50,4
DA:51,4
DA:52,0
DA:54,4
DA:55,4
DA:56,4
DA:57,1
DA:60,4
DA:64,4
DA:65,4
DA:66,1
DA:67,0
DA:69,1
DA:70,1
DA:71,0
DA:75,1
DA:76,1
DA:77,1
DA:79,3
DA:80,0
DA:81,3
DA:82,0
DA:83,3
DA:84,3
DA:87,0
DA:94,9
DA:95,1
DA:96,8
DA:97,4
DA:99,4
DA:102,1
LF:53
LH:47
BRDA:13,0,0,0
BRDA:13,0,1,4
BRDA:19,1,0,8
BRDA:19,1,1,4
BRDA:20,2,0,8
BRDA:20,2,1,4
BRDA:28,3,0,1
BRDA:28,3,1,0
BRDA:29,4,0,1
BRDA:29,4,1,1
BRDA:44,5,0,4
BRDA:44,5,1,4
BRDA:45,6,0,4
BRDA:45,6,1,4
BRDA:51,7,0,0
BRDA:51,7,1,4
BRDA:55,8,0,4
BRDA:55,8,1,0
BRDA:56,9,0,1
BRDA:56,9,1,3
BRDA:64,10,0,4
BRDA:64,10,1,0
BRDA:65,11,0,1
BRDA:65,11,1,3
BRDA:66,12,0,0
BRDA:66,12,1,1
BRDA:70,13,0,0
BRDA:70,13,1,1
BRDA:76,14,0,1
BRDA:76,14,1,0
BRDA:79,15,0,0
BRDA:79,15,1,3
BRDA:81,16,0,0
BRDA:81,16,1,3
BRDA:83,17,0,3
BRDA:83,17,1,0
BRDA:83,18,0,3
BRDA:83,18,1,3
BRDA:94,19,0,1
BRDA:94,19,1,8
BRDA:96,20,0,4
BRDA:96,20,1,4
BRF:42
BRH:31
end_of_record
TN:
SF:src/renderSchema.js
FN:2,sortBy
FN:3,(anonymous_1)
FN:12,renderType
FN:23,renderObject
FN:38,(anonymous_4)
FN:62,(anonymous_5)
FN:79,renderSchema
FN:94,(anonymous_7)
FN:95,(anonymous_8)
FN:98,(anonymous_9)
FN:111,(anonymous_10)
FN:115,(anonymous_11)
FN:117,(anonymous_12)
FN:119,(anonymous_13)
FN:120,(anonymous_14)
FN:121,(anonymous_15)
FN:122,(anonymous_16)
FN:123,(anonymous_17)
FN:151,(anonymous_18)
FN:157,(anonymous_19)
FN:163,(anonymous_20)
FN:169,(anonymous_21)
FN:175,(anonymous_22)
FN:181,(anonymous_23)
FN:213,(anonymous_24)
FN:220,(anonymous_25)
FN:227,(anonymous_26)
FN:238,(anonymous_27)
FN:271,(anonymous_28)
FN:281,(anonymous_29)
FN:288,(anonymous_30)
FN:299,(anonymous_31)
FN:300,(anonymous_32)
FNF:33
FNH:33
FNDA:42,sortBy
FNDA:958,(anonymous_1)
FNDA:2836,renderType
FNDA:199,renderObject
FNDA:1296,(anonymous_4)
FNDA:988,(anonymous_5)
FNDA:7,renderSchema
FNDA:320,(anonymous_7)
FNDA:320,(anonymous_8)
FNDA:2286,(anonymous_9)
FNDA:20,(anonymous_10)
FNDA:12,(anonymous_11)
FNDA:272,(anonymous_12)
FNDA:272,(anonymous_13)
FNDA:272,(anonymous_14)
FNDA:272,(anonymous_15)
FNDA:272,(anonymous_16)
FNDA:272,(anonymous_17)
FNDA:182,(anonymous_18)
FNDA:1,(anonymous_19)
FNDA:8,(anonymous_20)
FNDA:61,(anonymous_21)
FNDA:6,(anonymous_22)
FNDA:1,(anonymous_23)
FNDA:183,(anonymous_24)
FNDA:2,(anonymous_25)
FNDA:8,(anonymous_26)
FNDA:66,(anonymous_27)
FNDA:64,(anonymous_28)
FNDA:6,(anonymous_29)
FNDA:1,(anonymous_30)
FNDA:2,(anonymous_31)
FNDA:3,(anonymous_32)
DA:3,42
DA:4,958
DA:5,958
DA:6,958
DA:7,418
DA:8,0
DA:13,2836
DA:14,318
DA:16,2518
DA:17,232
DA:19,2286
DA:20,2286
DA:24,199
DA:25,199
DA:26,199
DA:27,199
DA:28,199
DA:29,199
DA:31,199
DA:32,191
DA:34,199
DA:35,190
DA:37,199
DA:38,199
DA:39,1296
DA:40,1296
DA:41,1296
DA:42,1296
DA:43,1267
DA:44,1267
DA:46,1267
DA:47,9
DA:48,9
DA:49,9
DA:50,9
DA:51,9
DA:55,1296
DA:56,320
DA:57,320
DA:58,320
DA:59,320
DA:62,320
DA:63,988
DA:73,988
DA:80,7
DA:81,7
DA:82,7
DA:83,7
DA:84,7
DA:85,7
DA:86,7
DA:87,7
DA:88,7
DA:90,7
DA:91,7
DA:94,320
DA:95,7
DA:96,320
DA:98,7
DA:99,2286
DA:100,2286
DA:101,2272
DA:102,14
DA:103,0
DA:104,14
DA:105,0
DA:109,7
DA:111,20
DA:112,7
DA:114,7
DA:115,12
DA:116,7
DA:117,272
DA:119,272
DA:120,272
DA:121,272
DA:122,272
DA:123,272
DA:125,7
DA:126,7
DA:127,7
DA:128,7
DA:129,7
DA:130,7
DA:132,7
DA:133,7
DA:136,7
DA:137,0
DA:140,7
DA:141,6
DA:142,6
DA:143,6
DA:144,5
DA:146,6
DA:147,1
DA:149,6
DA:150,6
DA:151,6
DA:152,182
DA:155,6
DA:156,1
DA:157,1
DA:158,1
DA:161,6
DA:162,4
DA:163,4
DA:164,8
DA:167,6
DA:168,5
DA:169,5
DA:170,61
DA:173,6
DA:174,3
DA:175,3
DA:176,6
DA:179,6
DA:180,1
DA:181,1
DA:182,1
DA:185,6
DA:188,7
DA:189,6
DA:194,6
DA:197,7
DA:198,2
DA:203,2
DA:211,7
DA:212,7
DA:213,7
DA:214,183
DA:218,7
DA:219,2
DA:220,2
DA:221,2
DA:225,7
DA:226,4
DA:227,4
DA:228,8
DA:229,8
DA:230,8
DA:232,8
DA:233,8
DA:234,8
DA:235,8
DA:236,8
DA:237,8
DA:238,8
DA:239,66
DA:240,66
DA:245,66
DA:246,66
DA:247,66
DA:248,66
DA:250,66
DA:251,0
DA:252,0
DA:253,0
DA:254,0
DA:255,0
DA:258,66
DA:260,0
DA:262,66
DA:264,8
DA:265,8
DA:269,7
DA:270,6
DA:271,6
DA:272,64
DA:273,64
DA:274,64
DA:279,7
DA:280,3
DA:281,3
DA:282,6
DA:286,7
DA:287,1
DA:288,1
DA:289,1
DA:290,1
DA:291,1
DA:293,1
DA:294,1
DA:295,1
DA:296,1
DA:297,1
DA:298,1
DA:299,1
DA:300,3
DA:301,2
DA:302,2
DA:303,2
DA:308,2
DA:309,2
DA:311,0
DA:313,2
DA:315,1
DA:316,1
DA:320,7
DA:321,0
DA:325,1
LF:200
LH:188
BRDA:6,0,0,540
BRDA:6,0,1,418
BRDA:7,1,0,418
BRDA:7,1,1,0
BRDA:13,2,0,318
BRDA:13,2,1,2518
BRDA:16,3,0,232
BRDA:16,3,1,2286
BRDA:20,4,0,2272
BRDA:20,4,1,14
BRDA:24,5,0,199
BRDA:24,5,1,0
BRDA:26,6,0,199
BRDA:26,6,1,0
BRDA:27,7,0,199
BRDA:27,7,1,0
BRDA:31,8,0,191
BRDA:31,8,1,8
BRDA:34,9,0,190
BRDA:34,9,1,9
BRDA:37,10,0,2
BRDA:37,10,1,197
BRDA:39,11,0,1296
BRDA:39,11,1,0
BRDA:42,12,0,1267
BRDA:42,12,1,29
BRDA:42,13,0,1296
BRDA:42,13,1,29
BRDA:43,14,0,1267
BRDA:43,14,1,0
BRDA:46,15,0,9
BRDA:46,15,1,1258
BRDA:48,16,0,9
BRDA:48,16,1,0
BRDA:55,17,0,320
BRDA:55,17,1,976
BRDA:55,18,0,1296
BRDA:55,18,1,1292
BRDA:64,19,0,988
BRDA:64,19,1,0
BRDA:80,20,0,7
BRDA:80,20,1,0
BRDA:81,21,0,7
BRDA:81,21,1,7
BRDA:82,22,0,7
BRDA:82,22,1,7
BRDA:83,23,0,7
BRDA:83,23,1,6
BRDA:84,24,0,7
BRDA:84,24,1,7
BRDA:85,25,0,7
BRDA:85,25,1,7
BRDA:86,26,0,7
BRDA:86,26,1,0
BRDA:87,27,0,7
BRDA:87,27,1,7
BRDA:90,28,0,7
BRDA:90,28,1,0
BRDA:100,29,0,2272
BRDA:100,29,1,14
BRDA:102,30,0,0
BRDA:102,30,1,14
BRDA:104,31,0,0
BRDA:104,31,1,14
BRDA:111,32,0,7
BRDA:111,32,1,6
BRDA:114,33,0,7
BRDA:114,33,1,2
BRDA:117,34,0,272
BRDA:117,34,1,191
BRDA:117,34,2,185
BRDA:132,35,0,7
BRDA:132,35,1,0
BRDA:136,36,0,0
BRDA:136,36,1,7
BRDA:140,37,0,6
BRDA:140,37,1,1
BRDA:143,38,0,5
BRDA:143,38,1,1
BRDA:146,39,0,1
BRDA:146,39,1,5
BRDA:149,40,0,6
BRDA:149,40,1,0
BRDA:155,41,0,1
BRDA:155,41,1,5
BRDA:161,42,0,4
BRDA:161,42,1,2
BRDA:167,43,0,5
BRDA:167,43,1,1
BRDA:173,44,0,3
BRDA:173,44,1,3
BRDA:179,45,0,1
BRDA:179,45,1,5
BRDA:188,46,0,6
BRDA:188,46,1,1
BRDA:191,47,0,6
BRDA:191,47,1,0
BRDA:197,48,0,2
BRDA:197,48,1,5
BRDA:200,49,0,2
BRDA:200,49,1,0
BRDA:211,50,0,7
BRDA:211,50,1,0
BRDA:218,51,0,2
BRDA:218,51,1,5
BRDA:225,52,0,4
BRDA:225,52,1,3
BRDA:229,53,0,8
BRDA:229,53,1,0
BRDA:242,54,0,0
BRDA:242,54,1,66
BRDA:245,55,0,66
BRDA:245,55,1,0
BRDA:245,56,0,66
BRDA:245,56,1,0
BRDA:247,57,0,66
BRDA:247,57,1,0
BRDA:250,58,0,0
BRDA:250,58,1,66
BRDA:252,59,0,0
BRDA:252,59,1,0
BRDA:269,60,0,6
BRDA:269,60,1,1
BRDA:273,61,0,64
BRDA:273,61,1,0
BRDA:279,62,0,3
BRDA:279,62,1,4
BRDA:286,63,0,1
BRDA:286,63,1,6
BRDA:290,64,0,1
BRDA:290,64,1,0
BRDA:301,65,0,2
BRDA:301,65,1,2
BRDA:301,65,2,2
BRDA:308,66,0,2
BRDA:308,66,1,0
BRDA:320,67,0,0
BRDA:320,67,1,7
BRF:138
BRH:107
end_of_record
TN:
SF:src/updateSchema.js
FN:4,updateMarkdown
FN:26,updateSchema
FN:27,(anonymous_2)
FN:28,(anonymous_3)
FN:37,(anonymous_4)
FN:50,(anonymous_5)
FNF:6
FNH:6
FNDA:2,updateMarkdown
FNDA:2,updateSchema
FNDA:2,(anonymous_2)
FNDA:2,(anonymous_3)
FNDA:6326,(anonymous_4)
FNDA:2,(anonymous_5)
DA:1,1
DA:2,1
DA:5,2
DA:6,2
DA:7,2
DA:8,2
DA:9,2
DA:10,2
DA:11,2
DA:12,2
DA:14,0
DA:16,2
DA:17,0
DA:18,0
DA:19,0
DA:20,0
DA:22,0
DA:27,2
DA:28,2
DA:29,2
DA:30,1
DA:31,1
DA:33,0
DA:36,2
DA:37,2
DA:38,6326
DA:40,2
DA:41,2
DA:42,1
DA:44,2
DA:45,2
DA:46,2
DA:48,0
DA:50,2
DA:51,2
DA:52,0
DA:54,2
DA:60,1
LF:38
LH:29
BRDA:4,0,0,2
BRDA:6,1,0,2
BRDA:6,1,1,2
BRDA:7,2,0,2
BRDA:7,2,1,2
BRDA:10,3,0,2
BRDA:10,3,1,0
BRDA:10,4,0,2
BRDA:10,4,1,2
BRDA:10,4,2,2
BRDA:11,5,0,2
BRDA:11,5,1,0
BRDA:17,6,0,0
BRDA:17,6,1,0
BRDA:19,7,0,0
BRDA:19,7,1,0
BRDA:29,8,0,1
BRDA:29,8,1,1
BRDA:30,9,0,1
BRDA:30,9,1,0
BRDA:41,10,0,1
BRDA:41,10,1,1
BRDA:51,11,0,0
BRDA:51,11,1,2
BRF:24
BRH:16
end_of_record
